The system is: Linux - 3.10.0-1160.49.1.el7.x86_64 - x86_64
Compiling the C compiler identification source file "CMakeCCompilerId.c" succeeded.
Compiler: /usr/local/pace-apps/spack/packages/0.12/linux-rhel7-x86_64/gcc-4.8.5/gcc-8.3.0-opnwtdjumg2hxo4ljvnx77ugb6afmvj3/bin/gcc 
Build flags: 
Id flags:  

The output was:
0


Compilation of the C compiler identification source "CMakeCCompilerId.c" produced "a.out"

The C compiler identification is GNU, found in "/storage/coda1/p-mqureshi4/0/svittal8/gulliver/ftqc/quarch/CMakeFiles/3.20.3/CompilerIdC/a.out"

Compiling the CXX compiler identification source file "CMakeCXXCompilerId.cpp" succeeded.
Compiler: /usr/local/pace-apps/spack/packages/0.12/linux-rhel7-x86_64/gcc-4.8.5/gcc-8.3.0-opnwtdjumg2hxo4ljvnx77ugb6afmvj3/bin/g++ 
Build flags: 
Id flags:  

The output was:
0


Compilation of the CXX compiler identification source "CMakeCXXCompilerId.cpp" produced "a.out"

The CXX compiler identification is GNU, found in "/storage/coda1/p-mqureshi4/0/svittal8/gulliver/ftqc/quarch/CMakeFiles/3.20.3/CompilerIdCXX/a.out"

Detecting C compiler ABI info compiled with the following output:
Change Dir: /storage/coda1/p-mqureshi4/0/svittal8/gulliver/ftqc/quarch/CMakeFiles/CMakeTmp

Run Build Command(s):/usr/bin/gmake -f Makefile cmTC_bece7/fast && /usr/bin/gmake  -f CMakeFiles/cmTC_bece7.dir/build.make CMakeFiles/cmTC_bece7.dir/build
gmake[1]: Entering directory `/storage/coda1/p-mqureshi4/0/svittal8/gulliver/ftqc/quarch/CMakeFiles/CMakeTmp'
Building C object CMakeFiles/cmTC_bece7.dir/CMakeCCompilerABI.c.o
/usr/local/pace-apps/spack/packages/0.12/linux-rhel7-x86_64/gcc-4.8.5/gcc-8.3.0-opnwtdjumg2hxo4ljvnx77ugb6afmvj3/bin/gcc   -v -o CMakeFiles/cmTC_bece7.dir/CMakeCCompilerABI.c.o -c /storage/pace-apps/spack/packages/0.13/linux-rhel7-x86_64/gcc-4.8.5/cmake-3.20.3-xf4af7k6rjgmzfa7mpqxejafub62t5ty/share/cmake-3.20/Modules/CMakeCCompilerABI.c
Reading specs from /usr/local/pace-apps/spack/packages/0.12/linux-rhel7-x86_64/gcc-4.8.5/gcc-8.3.0-opnwtdjumg2hxo4ljvnx77ugb6afmvj3/lib/gcc/x86_64-pc-linux-gnu/8.3.0/specs
COLLECT_GCC=/usr/local/pace-apps/spack/packages/0.12/linux-rhel7-x86_64/gcc-4.8.5/gcc-8.3.0-opnwtdjumg2hxo4ljvnx77ugb6afmvj3/bin/gcc
Target: x86_64-pc-linux-gnu
Configured with: /usr/local/pace-apps/spack/root/0.12/4b400d5/var/spack/stage/gcc-8.3.0-opnwtdjumg2hxo4ljvnx77ugb6afmvj3/spack-src/configure --prefix=/usr/local/pace-apps/spack/packages/0.12/linux-rhel7-x86_64/gcc-4.8.5/gcc-8.3.0-opnwtdjumg2hxo4ljvnx77ugb6afmvj3 --disable-multilib --enable-languages=c,c++,fortran --with-mpfr=/usr/local/pace-apps/spack/packages/0.12/linux-rhel7-x86_64/gcc-4.8.5/mpfr-3.1.6-vwx7snyrzymeg5n6f7dg5tbpgk35do3k --with-gmp=/usr/local/pace-apps/spack/packages/0.12/linux-rhel7-x86_64/gcc-4.8.5/gmp-6.1.2-5odxtlxihbfjtj4dxo52oz5f7r6ir6jk --enable-lto --with-quad --with-system-zlib --with-mpc=/usr/local/pace-apps/spack/packages/0.12/linux-rhel7-x86_64/gcc-4.8.5/mpc-1.1.0-pogagquauxex67doa7v2mkas2gcs5xut --with-isl=/usr/local/pace-apps/spack/packages/0.12/linux-rhel7-x86_64/gcc-4.8.5/isl-0.18-3wslknueis6r2nx3tasaizgda2ianxfa
Thread model: posix
gcc version 8.3.0 (GCC) 
COLLECT_GCC_OPTIONS='-v' '-o' 'CMakeFiles/cmTC_bece7.dir/CMakeCCompilerABI.c.o' '-c' '-mtune=generic' '-march=x86-64'
 /usr/local/pace-apps/spack/packages/0.12/linux-rhel7-x86_64/gcc-4.8.5/gcc-8.3.0-opnwtdjumg2hxo4ljvnx77ugb6afmvj3/libexec/gcc/x86_64-pc-linux-gnu/8.3.0/cc1 -quiet -v -iprefix /storage/pace-apps/spack/packages/0.12/linux-rhel7-x86_64/gcc-4.8.5/gcc-8.3.0-opnwtdjumg2hxo4ljvnx77ugb6afmvj3/bin/../lib/gcc/x86_64-pc-linux-gnu/8.3.0/ /storage/pace-apps/spack/packages/0.13/linux-rhel7-x86_64/gcc-4.8.5/cmake-3.20.3-xf4af7k6rjgmzfa7mpqxejafub62t5ty/share/cmake-3.20/Modules/CMakeCCompilerABI.c -quiet -dumpbase CMakeCCompilerABI.c -mtune=generic -march=x86-64 -auxbase-strip CMakeFiles/cmTC_bece7.dir/CMakeCCompilerABI.c.o -version -o /tmp/cckE6mVf.s
GNU C17 (GCC) version 8.3.0 (x86_64-pc-linux-gnu)
	compiled by GNU C version 8.3.0, GMP version 6.1.2, MPFR version 3.1.6-p2, MPC version 1.1.0, isl version isl-0.18-GMP

GGC heuristics: --param ggc-min-expand=100 --param ggc-min-heapsize=131072
ignoring nonexistent directory "/storage/pace-apps/spack/packages/0.12/linux-rhel7-x86_64/gcc-4.8.5/gcc-8.3.0-opnwtdjumg2hxo4ljvnx77ugb6afmvj3/bin/../lib/gcc/x86_64-pc-linux-gnu/8.3.0/../../../../x86_64-pc-linux-gnu/include"
ignoring duplicate directory "/storage/pace-apps/spack/packages/0.12/linux-rhel7-x86_64/gcc-4.8.5/gcc-8.3.0-opnwtdjumg2hxo4ljvnx77ugb6afmvj3/bin/../lib/gcc/../../lib/gcc/x86_64-pc-linux-gnu/8.3.0/include"
ignoring duplicate directory "/storage/pace-apps/spack/packages/0.12/linux-rhel7-x86_64/gcc-4.8.5/gcc-8.3.0-opnwtdjumg2hxo4ljvnx77ugb6afmvj3/bin/../lib/gcc/../../lib/gcc/x86_64-pc-linux-gnu/8.3.0/include-fixed"
ignoring nonexistent directory "/storage/pace-apps/spack/packages/0.12/linux-rhel7-x86_64/gcc-4.8.5/gcc-8.3.0-opnwtdjumg2hxo4ljvnx77ugb6afmvj3/bin/../lib/gcc/../../lib/gcc/x86_64-pc-linux-gnu/8.3.0/../../../../x86_64-pc-linux-gnu/include"
ignoring duplicate directory "/usr/local/pace-apps/spack/packages/0.12/linux-rhel7-x86_64/gcc-4.8.5/gcc-8.3.0-opnwtdjumg2hxo4ljvnx77ugb6afmvj3/include"
  as it is a non-system directory that duplicates a system directory
#include "..." search starts here:
#include <...> search starts here:
 /usr/local/pace-apps/spack/packages/0.13/linux-rhel7-x86_64/gcc-8.3.0/openblas-0.3.13-b2arkhk7rgnav574wcltqxblorppr6lu/include
 /usr/local/pace-apps/spack/packages/0.13/linux-rhel7-x86_64/gcc-8.3.0/openmpi-3.1.6-bip3afu2wdayn3kpmokhxzy7k2bp2gwe/include
 /storage/pace-apps/spack/packages/0.12/linux-rhel7-x86_64/gcc-4.8.5/gcc-8.3.0-opnwtdjumg2hxo4ljvnx77ugb6afmvj3/bin/../lib/gcc/x86_64-pc-linux-gnu/8.3.0/include
 /storage/pace-apps/spack/packages/0.12/linux-rhel7-x86_64/gcc-4.8.5/gcc-8.3.0-opnwtdjumg2hxo4ljvnx77ugb6afmvj3/bin/../lib/gcc/x86_64-pc-linux-gnu/8.3.0/include-fixed
 /usr/local/include
 /storage/pace-apps/spack/packages/0.12/linux-rhel7-x86_64/gcc-4.8.5/gcc-8.3.0-opnwtdjumg2hxo4ljvnx77ugb6afmvj3/bin/../lib/gcc/../../include
 /usr/include
End of search list.
GNU C17 (GCC) version 8.3.0 (x86_64-pc-linux-gnu)
	compiled by GNU C version 8.3.0, GMP version 6.1.2, MPFR version 3.1.6-p2, MPC version 1.1.0, isl version isl-0.18-GMP

GGC heuristics: --param ggc-min-expand=100 --param ggc-min-heapsize=131072
Compiler executable checksum: d091cadfea92948768eac7b781a879a9
COLLECT_GCC_OPTIONS='-v' '-o' 'CMakeFiles/cmTC_bece7.dir/CMakeCCompilerABI.c.o' '-c' '-mtune=generic' '-march=x86-64'
 as -v --64 -o CMakeFiles/cmTC_bece7.dir/CMakeCCompilerABI.c.o /tmp/cckE6mVf.s
GNU assembler version 2.27 (x86_64-redhat-linux) using BFD version version 2.27-44.base.el7_9.1
COMPILER_PATH=/usr/local/pace-apps/spack/packages/0.12/linux-rhel7-x86_64/gcc-4.8.5/gcc-8.3.0-opnwtdjumg2hxo4ljvnx77ugb6afmvj3/libexec/gcc/x86_64-pc-linux-gnu/8.3.0/:/usr/local/pace-apps/spack/packages/0.12/linux-rhel7-x86_64/gcc-4.8.5/gcc-8.3.0-opnwtdjumg2hxo4ljvnx77ugb6afmvj3/libexec/gcc/:/usr/local/pace-apps/manual/packages/xalt/2.8.4/bin/
LIBRARY_PATH=/usr/local/pace-apps/spack/packages/0.12/linux-rhel7-x86_64/gcc-4.8.5/gcc-8.3.0-opnwtdjumg2hxo4ljvnx77ugb6afmvj3/lib/gcc/x86_64-pc-linux-gnu/8.3.0/:/usr/local/pace-apps/spack/packages/0.12/linux-rhel7-x86_64/gcc-4.8.5/gcc-8.3.0-opnwtdjumg2hxo4ljvnx77ugb6afmvj3/lib/gcc/:/usr/local/pace-apps/spack/packages/0.12/linux-rhel7-x86_64/gcc-4.8.5/gcc-8.3.0-opnwtdjumg2hxo4ljvnx77ugb6afmvj3/lib64/../lib64/:/usr/local/pace-apps/spack/packages/0.12/linux-rhel7-x86_64/gcc-4.8.5/gcc-8.3.0-opnwtdjumg2hxo4ljvnx77ugb6afmvj3/lib/../lib64/:/storage/pace-apps/spack/packages/0.12/linux-rhel7-x86_64/gcc-4.8.5/gcc-8.3.0-opnwtdjumg2hxo4ljvnx77ugb6afmvj3/bin/../lib/gcc/x86_64-pc-linux-gnu/8.3.0/../../../../lib64/:/lib/../lib64/:/usr/lib/../lib64/:/usr/local/pace-apps/spack/packages/0.13/linux-rhel7-x86_64/gcc-8.3.0/openblas-0.3.13-b2arkhk7rgnav574wcltqxblorppr6lu/lib/:/usr/local/pace-apps/spack/packages/0.13/linux-rhel7-x86_64/gcc-8.3.0/openmpi-3.1.6-bip3afu2wdayn3kpmokhxzy7k2bp2gwe/lib/:/usr/local/pace-apps/spack/packages/0.12/linux-rhel7-x86_64/gcc-4.8.5/gcc-8.3.0-opnwtdjumg2hxo4ljvnx77ugb6afmvj3/lib64/:/usr/local/pace-apps/spack/packages/0.12/linux-rhel7-x86_64/gcc-4.8.5/gcc-8.3.0-opnwtdjumg2hxo4ljvnx77ugb6afmvj3/lib/:/usr/local/pace-apps/spack/packages/0.13/linux-rhel7-x86_64/gcc-4.8.5/perl-5.30.0-ofyzxrpltkdninb4g5szwtd3mapc7msa/lib/:/storage/pace-apps/spack/packages/0.12/linux-rhel7-x86_64/gcc-4.8.5/gcc-8.3.0-opnwtdjumg2hxo4ljvnx77ugb6afmvj3/bin/../lib/gcc/x86_64-pc-linux-gnu/8.3.0/../../../:/lib/:/usr/lib/
COLLECT_GCC_OPTIONS='-v' '-o' 'CMakeFiles/cmTC_bece7.dir/CMakeCCompilerABI.c.o' '-c' '-mtune=generic' '-march=x86-64'
Linking C executable cmTC_bece7
/storage/pace-apps/spack/packages/0.13/linux-rhel7-x86_64/gcc-4.8.5/cmake-3.20.3-xf4af7k6rjgmzfa7mpqxejafub62t5ty/bin/cmake -E cmake_link_script CMakeFiles/cmTC_bece7.dir/link.txt --verbose=1
/usr/local/pace-apps/spack/packages/0.12/linux-rhel7-x86_64/gcc-4.8.5/gcc-8.3.0-opnwtdjumg2hxo4ljvnx77ugb6afmvj3/bin/gcc  -v CMakeFiles/cmTC_bece7.dir/CMakeCCompilerABI.c.o -o cmTC_bece7 
Reading specs from /usr/local/pace-apps/spack/packages/0.12/linux-rhel7-x86_64/gcc-4.8.5/gcc-8.3.0-opnwtdjumg2hxo4ljvnx77ugb6afmvj3/lib/gcc/x86_64-pc-linux-gnu/8.3.0/specs
COLLECT_GCC=/usr/local/pace-apps/spack/packages/0.12/linux-rhel7-x86_64/gcc-4.8.5/gcc-8.3.0-opnwtdjumg2hxo4ljvnx77ugb6afmvj3/bin/gcc
COLLECT_LTO_WRAPPER=/usr/local/pace-apps/spack/packages/0.12/linux-rhel7-x86_64/gcc-4.8.5/gcc-8.3.0-opnwtdjumg2hxo4ljvnx77ugb6afmvj3/libexec/gcc/x86_64-pc-linux-gnu/8.3.0/lto-wrapper
Target: x86_64-pc-linux-gnu
Configured with: /usr/local/pace-apps/spack/root/0.12/4b400d5/var/spack/stage/gcc-8.3.0-opnwtdjumg2hxo4ljvnx77ugb6afmvj3/spack-src/configure --prefix=/usr/local/pace-apps/spack/packages/0.12/linux-rhel7-x86_64/gcc-4.8.5/gcc-8.3.0-opnwtdjumg2hxo4ljvnx77ugb6afmvj3 --disable-multilib --enable-languages=c,c++,fortran --with-mpfr=/usr/local/pace-apps/spack/packages/0.12/linux-rhel7-x86_64/gcc-4.8.5/mpfr-3.1.6-vwx7snyrzymeg5n6f7dg5tbpgk35do3k --with-gmp=/usr/local/pace-apps/spack/packages/0.12/linux-rhel7-x86_64/gcc-4.8.5/gmp-6.1.2-5odxtlxihbfjtj4dxo52oz5f7r6ir6jk --enable-lto --with-quad --with-system-zlib --with-mpc=/usr/local/pace-apps/spack/packages/0.12/linux-rhel7-x86_64/gcc-4.8.5/mpc-1.1.0-pogagquauxex67doa7v2mkas2gcs5xut --with-isl=/usr/local/pace-apps/spack/packages/0.12/linux-rhel7-x86_64/gcc-4.8.5/isl-0.18-3wslknueis6r2nx3tasaizgda2ianxfa
Thread model: posix
gcc version 8.3.0 (GCC) 
COMPILER_PATH=/usr/local/pace-apps/spack/packages/0.12/linux-rhel7-x86_64/gcc-4.8.5/gcc-8.3.0-opnwtdjumg2hxo4ljvnx77ugb6afmvj3/libexec/gcc/x86_64-pc-linux-gnu/8.3.0/:/usr/local/pace-apps/spack/packages/0.12/linux-rhel7-x86_64/gcc-4.8.5/gcc-8.3.0-opnwtdjumg2hxo4ljvnx77ugb6afmvj3/libexec/gcc/:/usr/local/pace-apps/manual/packages/xalt/2.8.4/bin/
LIBRARY_PATH=/usr/local/pace-apps/spack/packages/0.12/linux-rhel7-x86_64/gcc-4.8.5/gcc-8.3.0-opnwtdjumg2hxo4ljvnx77ugb6afmvj3/lib/gcc/x86_64-pc-linux-gnu/8.3.0/:/usr/local/pace-apps/spack/packages/0.12/linux-rhel7-x86_64/gcc-4.8.5/gcc-8.3.0-opnwtdjumg2hxo4ljvnx77ugb6afmvj3/lib/gcc/:/usr/local/pace-apps/spack/packages/0.12/linux-rhel7-x86_64/gcc-4.8.5/gcc-8.3.0-opnwtdjumg2hxo4ljvnx77ugb6afmvj3/lib64/../lib64/:/usr/local/pace-apps/spack/packages/0.12/linux-rhel7-x86_64/gcc-4.8.5/gcc-8.3.0-opnwtdjumg2hxo4ljvnx77ugb6afmvj3/lib/../lib64/:/storage/pace-apps/spack/packages/0.12/linux-rhel7-x86_64/gcc-4.8.5/gcc-8.3.0-opnwtdjumg2hxo4ljvnx77ugb6afmvj3/bin/../lib/gcc/x86_64-pc-linux-gnu/8.3.0/../../../../lib64/:/lib/../lib64/:/usr/lib/../lib64/:/usr/local/pace-apps/spack/packages/0.13/linux-rhel7-x86_64/gcc-8.3.0/openblas-0.3.13-b2arkhk7rgnav574wcltqxblorppr6lu/lib/:/usr/local/pace-apps/spack/packages/0.13/linux-rhel7-x86_64/gcc-8.3.0/openmpi-3.1.6-bip3afu2wdayn3kpmokhxzy7k2bp2gwe/lib/:/usr/local/pace-apps/spack/packages/0.12/linux-rhel7-x86_64/gcc-4.8.5/gcc-8.3.0-opnwtdjumg2hxo4ljvnx77ugb6afmvj3/lib64/:/usr/local/pace-apps/spack/packages/0.12/linux-rhel7-x86_64/gcc-4.8.5/gcc-8.3.0-opnwtdjumg2hxo4ljvnx77ugb6afmvj3/lib/:/usr/local/pace-apps/spack/packages/0.13/linux-rhel7-x86_64/gcc-4.8.5/perl-5.30.0-ofyzxrpltkdninb4g5szwtd3mapc7msa/lib/:/storage/pace-apps/spack/packages/0.12/linux-rhel7-x86_64/gcc-4.8.5/gcc-8.3.0-opnwtdjumg2hxo4ljvnx77ugb6afmvj3/bin/../lib/gcc/x86_64-pc-linux-gnu/8.3.0/../../../:/lib/:/usr/lib/
COLLECT_GCC_OPTIONS='-v' '-o' 'cmTC_bece7' '-mtune=generic' '-march=x86-64'
 /usr/local/pace-apps/spack/packages/0.12/linux-rhel7-x86_64/gcc-4.8.5/gcc-8.3.0-opnwtdjumg2hxo4ljvnx77ugb6afmvj3/libexec/gcc/x86_64-pc-linux-gnu/8.3.0/collect2 -plugin /usr/local/pace-apps/spack/packages/0.12/linux-rhel7-x86_64/gcc-4.8.5/gcc-8.3.0-opnwtdjumg2hxo4ljvnx77ugb6afmvj3/libexec/gcc/x86_64-pc-linux-gnu/8.3.0/liblto_plugin.so -plugin-opt=/usr/local/pace-apps/spack/packages/0.12/linux-rhel7-x86_64/gcc-4.8.5/gcc-8.3.0-opnwtdjumg2hxo4ljvnx77ugb6afmvj3/libexec/gcc/x86_64-pc-linux-gnu/8.3.0/lto-wrapper -plugin-opt=-fresolution=/tmp/cclX0jkm.res -plugin-opt=-pass-through=-lgcc -plugin-opt=-pass-through=-lgcc_s -plugin-opt=-pass-through=-lc -plugin-opt=-pass-through=-lgcc -plugin-opt=-pass-through=-lgcc_s -rpath /usr/local/pace-apps/spack/packages/0.12/linux-rhel7-x86_64/gcc-4.8.5/gcc-8.3.0-opnwtdjumg2hxo4ljvnx77ugb6afmvj3/lib:/usr/local/pace-apps/spack/packages/0.12/linux-rhel7-x86_64/gcc-4.8.5/gcc-8.3.0-opnwtdjumg2hxo4ljvnx77ugb6afmvj3/lib64 --eh-frame-hdr -m elf_x86_64 -dynamic-linker /lib64/ld-linux-x86-64.so.2 -o cmTC_bece7 /lib/../lib64/crt1.o /lib/../lib64/crti.o /usr/local/pace-apps/spack/packages/0.12/linux-rhel7-x86_64/gcc-4.8.5/gcc-8.3.0-opnwtdjumg2hxo4ljvnx77ugb6afmvj3/lib/gcc/x86_64-pc-linux-gnu/8.3.0/crtbegin.o -L/usr/local/pace-apps/spack/packages/0.12/linux-rhel7-x86_64/gcc-4.8.5/gcc-8.3.0-opnwtdjumg2hxo4ljvnx77ugb6afmvj3/lib/gcc/x86_64-pc-linux-gnu/8.3.0 -L/usr/local/pace-apps/spack/packages/0.12/linux-rhel7-x86_64/gcc-4.8.5/gcc-8.3.0-opnwtdjumg2hxo4ljvnx77ugb6afmvj3/lib/gcc -L/usr/local/pace-apps/spack/packages/0.12/linux-rhel7-x86_64/gcc-4.8.5/gcc-8.3.0-opnwtdjumg2hxo4ljvnx77ugb6afmvj3/lib64/../lib64 -L/usr/local/pace-apps/spack/packages/0.12/linux-rhel7-x86_64/gcc-4.8.5/gcc-8.3.0-opnwtdjumg2hxo4ljvnx77ugb6afmvj3/lib/../lib64 -L/storage/pace-apps/spack/packages/0.12/linux-rhel7-x86_64/gcc-4.8.5/gcc-8.3.0-opnwtdjumg2hxo4ljvnx77ugb6afmvj3/bin/../lib/gcc/x86_64-pc-linux-gnu/8.3.0/../../../../lib64 -L/lib/../lib64 -L/usr/lib/../lib64 -L/usr/local/pace-apps/spack/packages/0.13/linux-rhel7-x86_64/gcc-8.3.0/openblas-0.3.13-b2arkhk7rgnav574wcltqxblorppr6lu/lib -L/usr/local/pace-apps/spack/packages/0.13/linux-rhel7-x86_64/gcc-8.3.0/openmpi-3.1.6-bip3afu2wdayn3kpmokhxzy7k2bp2gwe/lib -L/usr/local/pace-apps/spack/packages/0.12/linux-rhel7-x86_64/gcc-4.8.5/gcc-8.3.0-opnwtdjumg2hxo4ljvnx77ugb6afmvj3/lib64 -L/usr/local/pace-apps/spack/packages/0.12/linux-rhel7-x86_64/gcc-4.8.5/gcc-8.3.0-opnwtdjumg2hxo4ljvnx77ugb6afmvj3/lib -L/usr/local/pace-apps/spack/packages/0.13/linux-rhel7-x86_64/gcc-4.8.5/perl-5.30.0-ofyzxrpltkdninb4g5szwtd3mapc7msa/lib -L/storage/pace-apps/spack/packages/0.12/linux-rhel7-x86_64/gcc-4.8.5/gcc-8.3.0-opnwtdjumg2hxo4ljvnx77ugb6afmvj3/bin/../lib/gcc/x86_64-pc-linux-gnu/8.3.0/../../.. CMakeFiles/cmTC_bece7.dir/CMakeCCompilerABI.c.o -lgcc --as-needed -lgcc_s --no-as-needed -lc -lgcc --as-needed -lgcc_s --no-as-needed /usr/local/pace-apps/spack/packages/0.12/linux-rhel7-x86_64/gcc-4.8.5/gcc-8.3.0-opnwtdjumg2hxo4ljvnx77ugb6afmvj3/lib/gcc/x86_64-pc-linux-gnu/8.3.0/crtend.o /lib/../lib64/crtn.o
COLLECT_GCC_OPTIONS='-v' '-o' 'cmTC_bece7' '-mtune=generic' '-march=x86-64'
gmake[1]: Leaving directory `/storage/coda1/p-mqureshi4/0/svittal8/gulliver/ftqc/quarch/CMakeFiles/CMakeTmp'



Parsed C implicit include dir info from above output: rv=done
  found start of include info
  found start of implicit include info
    add: [/usr/local/pace-apps/spack/packages/0.13/linux-rhel7-x86_64/gcc-8.3.0/openblas-0.3.13-b2arkhk7rgnav574wcltqxblorppr6lu/include]
    add: [/usr/local/pace-apps/spack/packages/0.13/linux-rhel7-x86_64/gcc-8.3.0/openmpi-3.1.6-bip3afu2wdayn3kpmokhxzy7k2bp2gwe/include]
    add: [/storage/pace-apps/spack/packages/0.12/linux-rhel7-x86_64/gcc-4.8.5/gcc-8.3.0-opnwtdjumg2hxo4ljvnx77ugb6afmvj3/bin/../lib/gcc/x86_64-pc-linux-gnu/8.3.0/include]
    add: [/storage/pace-apps/spack/packages/0.12/linux-rhel7-x86_64/gcc-4.8.5/gcc-8.3.0-opnwtdjumg2hxo4ljvnx77ugb6afmvj3/bin/../lib/gcc/x86_64-pc-linux-gnu/8.3.0/include-fixed]
    add: [/usr/local/include]
    add: [/storage/pace-apps/spack/packages/0.12/linux-rhel7-x86_64/gcc-4.8.5/gcc-8.3.0-opnwtdjumg2hxo4ljvnx77ugb6afmvj3/bin/../lib/gcc/../../include]
    add: [/usr/include]
  end of search list found
  collapse include dir [/usr/local/pace-apps/spack/packages/0.13/linux-rhel7-x86_64/gcc-8.3.0/openblas-0.3.13-b2arkhk7rgnav574wcltqxblorppr6lu/include] ==> [/usr/local/pace-apps/spack/packages/0.13/linux-rhel7-x86_64/gcc-8.3.0/openblas-0.3.13-b2arkhk7rgnav574wcltqxblorppr6lu/include]
  collapse include dir [/usr/local/pace-apps/spack/packages/0.13/linux-rhel7-x86_64/gcc-8.3.0/openmpi-3.1.6-bip3afu2wdayn3kpmokhxzy7k2bp2gwe/include] ==> [/usr/local/pace-apps/spack/packages/0.13/linux-rhel7-x86_64/gcc-8.3.0/openmpi-3.1.6-bip3afu2wdayn3kpmokhxzy7k2bp2gwe/include]
  collapse include dir [/storage/pace-apps/spack/packages/0.12/linux-rhel7-x86_64/gcc-4.8.5/gcc-8.3.0-opnwtdjumg2hxo4ljvnx77ugb6afmvj3/bin/../lib/gcc/x86_64-pc-linux-gnu/8.3.0/include] ==> [/storage/pace-apps/spack/packages/0.12/linux-rhel7-x86_64/gcc-4.8.5/gcc-8.3.0-opnwtdjumg2hxo4ljvnx77ugb6afmvj3/lib/gcc/x86_64-pc-linux-gnu/8.3.0/include]
  collapse include dir [/storage/pace-apps/spack/packages/0.12/linux-rhel7-x86_64/gcc-4.8.5/gcc-8.3.0-opnwtdjumg2hxo4ljvnx77ugb6afmvj3/bin/../lib/gcc/x86_64-pc-linux-gnu/8.3.0/include-fixed] ==> [/storage/pace-apps/spack/packages/0.12/linux-rhel7-x86_64/gcc-4.8.5/gcc-8.3.0-opnwtdjumg2hxo4ljvnx77ugb6afmvj3/lib/gcc/x86_64-pc-linux-gnu/8.3.0/include-fixed]
  collapse include dir [/usr/local/include] ==> [/usr/local/include]
  collapse include dir [/storage/pace-apps/spack/packages/0.12/linux-rhel7-x86_64/gcc-4.8.5/gcc-8.3.0-opnwtdjumg2hxo4ljvnx77ugb6afmvj3/bin/../lib/gcc/../../include] ==> [/storage/pace-apps/spack/packages/0.12/linux-rhel7-x86_64/gcc-4.8.5/gcc-8.3.0-opnwtdjumg2hxo4ljvnx77ugb6afmvj3/include]
  collapse include dir [/usr/include] ==> [/usr/include]
  implicit include dirs: [/usr/local/pace-apps/spack/packages/0.13/linux-rhel7-x86_64/gcc-8.3.0/openblas-0.3.13-b2arkhk7rgnav574wcltqxblorppr6lu/include;/usr/local/pace-apps/spack/packages/0.13/linux-rhel7-x86_64/gcc-8.3.0/openmpi-3.1.6-bip3afu2wdayn3kpmokhxzy7k2bp2gwe/include;/storage/pace-apps/spack/packages/0.12/linux-rhel7-x86_64/gcc-4.8.5/gcc-8.3.0-opnwtdjumg2hxo4ljvnx77ugb6afmvj3/lib/gcc/x86_64-pc-linux-gnu/8.3.0/include;/storage/pace-apps/spack/packages/0.12/linux-rhel7-x86_64/gcc-4.8.5/gcc-8.3.0-opnwtdjumg2hxo4ljvnx77ugb6afmvj3/lib/gcc/x86_64-pc-linux-gnu/8.3.0/include-fixed;/usr/local/include;/storage/pace-apps/spack/packages/0.12/linux-rhel7-x86_64/gcc-4.8.5/gcc-8.3.0-opnwtdjumg2hxo4ljvnx77ugb6afmvj3/include;/usr/include]


Parsed C implicit link information from above output:
  link line regex: [^( *|.*[/\])(ld|CMAKE_LINK_STARTFILE-NOTFOUND|([^/\]+-)?ld|collect2)[^/\]*( |$)]
  ignore line: [Change Dir: /storage/coda1/p-mqureshi4/0/svittal8/gulliver/ftqc/quarch/CMakeFiles/CMakeTmp]
  ignore line: []
  ignore line: [Run Build Command(s):/usr/bin/gmake -f Makefile cmTC_bece7/fast && /usr/bin/gmake  -f CMakeFiles/cmTC_bece7.dir/build.make CMakeFiles/cmTC_bece7.dir/build]
  ignore line: [gmake[1]: Entering directory `/storage/coda1/p-mqureshi4/0/svittal8/gulliver/ftqc/quarch/CMakeFiles/CMakeTmp']
  ignore line: [Building C object CMakeFiles/cmTC_bece7.dir/CMakeCCompilerABI.c.o]
  ignore line: [/usr/local/pace-apps/spack/packages/0.12/linux-rhel7-x86_64/gcc-4.8.5/gcc-8.3.0-opnwtdjumg2hxo4ljvnx77ugb6afmvj3/bin/gcc   -v -o CMakeFiles/cmTC_bece7.dir/CMakeCCompilerABI.c.o -c /storage/pace-apps/spack/packages/0.13/linux-rhel7-x86_64/gcc-4.8.5/cmake-3.20.3-xf4af7k6rjgmzfa7mpqxejafub62t5ty/share/cmake-3.20/Modules/CMakeCCompilerABI.c]
  ignore line: [Reading specs from /usr/local/pace-apps/spack/packages/0.12/linux-rhel7-x86_64/gcc-4.8.5/gcc-8.3.0-opnwtdjumg2hxo4ljvnx77ugb6afmvj3/lib/gcc/x86_64-pc-linux-gnu/8.3.0/specs]
  ignore line: [COLLECT_GCC=/usr/local/pace-apps/spack/packages/0.12/linux-rhel7-x86_64/gcc-4.8.5/gcc-8.3.0-opnwtdjumg2hxo4ljvnx77ugb6afmvj3/bin/gcc]
  ignore line: [Target: x86_64-pc-linux-gnu]
  ignore line: [Configured with: /usr/local/pace-apps/spack/root/0.12/4b400d5/var/spack/stage/gcc-8.3.0-opnwtdjumg2hxo4ljvnx77ugb6afmvj3/spack-src/configure --prefix=/usr/local/pace-apps/spack/packages/0.12/linux-rhel7-x86_64/gcc-4.8.5/gcc-8.3.0-opnwtdjumg2hxo4ljvnx77ugb6afmvj3 --disable-multilib --enable-languages=c c++ fortran --with-mpfr=/usr/local/pace-apps/spack/packages/0.12/linux-rhel7-x86_64/gcc-4.8.5/mpfr-3.1.6-vwx7snyrzymeg5n6f7dg5tbpgk35do3k --with-gmp=/usr/local/pace-apps/spack/packages/0.12/linux-rhel7-x86_64/gcc-4.8.5/gmp-6.1.2-5odxtlxihbfjtj4dxo52oz5f7r6ir6jk --enable-lto --with-quad --with-system-zlib --with-mpc=/usr/local/pace-apps/spack/packages/0.12/linux-rhel7-x86_64/gcc-4.8.5/mpc-1.1.0-pogagquauxex67doa7v2mkas2gcs5xut --with-isl=/usr/local/pace-apps/spack/packages/0.12/linux-rhel7-x86_64/gcc-4.8.5/isl-0.18-3wslknueis6r2nx3tasaizgda2ianxfa]
  ignore line: [Thread model: posix]
  ignore line: [gcc version 8.3.0 (GCC) ]
  ignore line: [COLLECT_GCC_OPTIONS='-v' '-o' 'CMakeFiles/cmTC_bece7.dir/CMakeCCompilerABI.c.o' '-c' '-mtune=generic' '-march=x86-64']
  ignore line: [ /usr/local/pace-apps/spack/packages/0.12/linux-rhel7-x86_64/gcc-4.8.5/gcc-8.3.0-opnwtdjumg2hxo4ljvnx77ugb6afmvj3/libexec/gcc/x86_64-pc-linux-gnu/8.3.0/cc1 -quiet -v -iprefix /storage/pace-apps/spack/packages/0.12/linux-rhel7-x86_64/gcc-4.8.5/gcc-8.3.0-opnwtdjumg2hxo4ljvnx77ugb6afmvj3/bin/../lib/gcc/x86_64-pc-linux-gnu/8.3.0/ /storage/pace-apps/spack/packages/0.13/linux-rhel7-x86_64/gcc-4.8.5/cmake-3.20.3-xf4af7k6rjgmzfa7mpqxejafub62t5ty/share/cmake-3.20/Modules/CMakeCCompilerABI.c -quiet -dumpbase CMakeCCompilerABI.c -mtune=generic -march=x86-64 -auxbase-strip CMakeFiles/cmTC_bece7.dir/CMakeCCompilerABI.c.o -version -o /tmp/cckE6mVf.s]
  ignore line: [GNU C17 (GCC) version 8.3.0 (x86_64-pc-linux-gnu)]
  ignore line: [	compiled by GNU C version 8.3.0  GMP version 6.1.2  MPFR version 3.1.6-p2  MPC version 1.1.0  isl version isl-0.18-GMP]
  ignore line: []
  ignore line: [GGC heuristics: --param ggc-min-expand=100 --param ggc-min-heapsize=131072]
  ignore line: [ignoring nonexistent directory "/storage/pace-apps/spack/packages/0.12/linux-rhel7-x86_64/gcc-4.8.5/gcc-8.3.0-opnwtdjumg2hxo4ljvnx77ugb6afmvj3/bin/../lib/gcc/x86_64-pc-linux-gnu/8.3.0/../../../../x86_64-pc-linux-gnu/include"]
  ignore line: [ignoring duplicate directory "/storage/pace-apps/spack/packages/0.12/linux-rhel7-x86_64/gcc-4.8.5/gcc-8.3.0-opnwtdjumg2hxo4ljvnx77ugb6afmvj3/bin/../lib/gcc/../../lib/gcc/x86_64-pc-linux-gnu/8.3.0/include"]
  ignore line: [ignoring duplicate directory "/storage/pace-apps/spack/packages/0.12/linux-rhel7-x86_64/gcc-4.8.5/gcc-8.3.0-opnwtdjumg2hxo4ljvnx77ugb6afmvj3/bin/../lib/gcc/../../lib/gcc/x86_64-pc-linux-gnu/8.3.0/include-fixed"]
  ignore line: [ignoring nonexistent directory "/storage/pace-apps/spack/packages/0.12/linux-rhel7-x86_64/gcc-4.8.5/gcc-8.3.0-opnwtdjumg2hxo4ljvnx77ugb6afmvj3/bin/../lib/gcc/../../lib/gcc/x86_64-pc-linux-gnu/8.3.0/../../../../x86_64-pc-linux-gnu/include"]
  ignore line: [ignoring duplicate directory "/usr/local/pace-apps/spack/packages/0.12/linux-rhel7-x86_64/gcc-4.8.5/gcc-8.3.0-opnwtdjumg2hxo4ljvnx77ugb6afmvj3/include"]
  ignore line: [  as it is a non-system directory that duplicates a system directory]
  ignore line: [#include "..." search starts here:]
  ignore line: [#include <...> search starts here:]
  ignore line: [ /usr/local/pace-apps/spack/packages/0.13/linux-rhel7-x86_64/gcc-8.3.0/openblas-0.3.13-b2arkhk7rgnav574wcltqxblorppr6lu/include]
  ignore line: [ /usr/local/pace-apps/spack/packages/0.13/linux-rhel7-x86_64/gcc-8.3.0/openmpi-3.1.6-bip3afu2wdayn3kpmokhxzy7k2bp2gwe/include]
  ignore line: [ /storage/pace-apps/spack/packages/0.12/linux-rhel7-x86_64/gcc-4.8.5/gcc-8.3.0-opnwtdjumg2hxo4ljvnx77ugb6afmvj3/bin/../lib/gcc/x86_64-pc-linux-gnu/8.3.0/include]
  ignore line: [ /storage/pace-apps/spack/packages/0.12/linux-rhel7-x86_64/gcc-4.8.5/gcc-8.3.0-opnwtdjumg2hxo4ljvnx77ugb6afmvj3/bin/../lib/gcc/x86_64-pc-linux-gnu/8.3.0/include-fixed]
  ignore line: [ /usr/local/include]
  ignore line: [ /storage/pace-apps/spack/packages/0.12/linux-rhel7-x86_64/gcc-4.8.5/gcc-8.3.0-opnwtdjumg2hxo4ljvnx77ugb6afmvj3/bin/../lib/gcc/../../include]
  ignore line: [ /usr/include]
  ignore line: [End of search list.]
  ignore line: [GNU C17 (GCC) version 8.3.0 (x86_64-pc-linux-gnu)]
  ignore line: [	compiled by GNU C version 8.3.0  GMP version 6.1.2  MPFR version 3.1.6-p2  MPC version 1.1.0  isl version isl-0.18-GMP]
  ignore line: []
  ignore line: [GGC heuristics: --param ggc-min-expand=100 --param ggc-min-heapsize=131072]
  ignore line: [Compiler executable checksum: d091cadfea92948768eac7b781a879a9]
  ignore line: [COLLECT_GCC_OPTIONS='-v' '-o' 'CMakeFiles/cmTC_bece7.dir/CMakeCCompilerABI.c.o' '-c' '-mtune=generic' '-march=x86-64']
  ignore line: [ as -v --64 -o CMakeFiles/cmTC_bece7.dir/CMakeCCompilerABI.c.o /tmp/cckE6mVf.s]
  ignore line: [GNU assembler version 2.27 (x86_64-redhat-linux) using BFD version version 2.27-44.base.el7_9.1]
  ignore line: [COMPILER_PATH=/usr/local/pace-apps/spack/packages/0.12/linux-rhel7-x86_64/gcc-4.8.5/gcc-8.3.0-opnwtdjumg2hxo4ljvnx77ugb6afmvj3/libexec/gcc/x86_64-pc-linux-gnu/8.3.0/:/usr/local/pace-apps/spack/packages/0.12/linux-rhel7-x86_64/gcc-4.8.5/gcc-8.3.0-opnwtdjumg2hxo4ljvnx77ugb6afmvj3/libexec/gcc/:/usr/local/pace-apps/manual/packages/xalt/2.8.4/bin/]
  ignore line: [LIBRARY_PATH=/usr/local/pace-apps/spack/packages/0.12/linux-rhel7-x86_64/gcc-4.8.5/gcc-8.3.0-opnwtdjumg2hxo4ljvnx77ugb6afmvj3/lib/gcc/x86_64-pc-linux-gnu/8.3.0/:/usr/local/pace-apps/spack/packages/0.12/linux-rhel7-x86_64/gcc-4.8.5/gcc-8.3.0-opnwtdjumg2hxo4ljvnx77ugb6afmvj3/lib/gcc/:/usr/local/pace-apps/spack/packages/0.12/linux-rhel7-x86_64/gcc-4.8.5/gcc-8.3.0-opnwtdjumg2hxo4ljvnx77ugb6afmvj3/lib64/../lib64/:/usr/local/pace-apps/spack/packages/0.12/linux-rhel7-x86_64/gcc-4.8.5/gcc-8.3.0-opnwtdjumg2hxo4ljvnx77ugb6afmvj3/lib/../lib64/:/storage/pace-apps/spack/packages/0.12/linux-rhel7-x86_64/gcc-4.8.5/gcc-8.3.0-opnwtdjumg2hxo4ljvnx77ugb6afmvj3/bin/../lib/gcc/x86_64-pc-linux-gnu/8.3.0/../../../../lib64/:/lib/../lib64/:/usr/lib/../lib64/:/usr/local/pace-apps/spack/packages/0.13/linux-rhel7-x86_64/gcc-8.3.0/openblas-0.3.13-b2arkhk7rgnav574wcltqxblorppr6lu/lib/:/usr/local/pace-apps/spack/packages/0.13/linux-rhel7-x86_64/gcc-8.3.0/openmpi-3.1.6-bip3afu2wdayn3kpmokhxzy7k2bp2gwe/lib/:/usr/local/pace-apps/spack/packages/0.12/linux-rhel7-x86_64/gcc-4.8.5/gcc-8.3.0-opnwtdjumg2hxo4ljvnx77ugb6afmvj3/lib64/:/usr/local/pace-apps/spack/packages/0.12/linux-rhel7-x86_64/gcc-4.8.5/gcc-8.3.0-opnwtdjumg2hxo4ljvnx77ugb6afmvj3/lib/:/usr/local/pace-apps/spack/packages/0.13/linux-rhel7-x86_64/gcc-4.8.5/perl-5.30.0-ofyzxrpltkdninb4g5szwtd3mapc7msa/lib/:/storage/pace-apps/spack/packages/0.12/linux-rhel7-x86_64/gcc-4.8.5/gcc-8.3.0-opnwtdjumg2hxo4ljvnx77ugb6afmvj3/bin/../lib/gcc/x86_64-pc-linux-gnu/8.3.0/../../../:/lib/:/usr/lib/]
  ignore line: [COLLECT_GCC_OPTIONS='-v' '-o' 'CMakeFiles/cmTC_bece7.dir/CMakeCCompilerABI.c.o' '-c' '-mtune=generic' '-march=x86-64']
  ignore line: [Linking C executable cmTC_bece7]
  ignore line: [/storage/pace-apps/spack/packages/0.13/linux-rhel7-x86_64/gcc-4.8.5/cmake-3.20.3-xf4af7k6rjgmzfa7mpqxejafub62t5ty/bin/cmake -E cmake_link_script CMakeFiles/cmTC_bece7.dir/link.txt --verbose=1]
  ignore line: [/usr/local/pace-apps/spack/packages/0.12/linux-rhel7-x86_64/gcc-4.8.5/gcc-8.3.0-opnwtdjumg2hxo4ljvnx77ugb6afmvj3/bin/gcc  -v CMakeFiles/cmTC_bece7.dir/CMakeCCompilerABI.c.o -o cmTC_bece7 ]
  ignore line: [Reading specs from /usr/local/pace-apps/spack/packages/0.12/linux-rhel7-x86_64/gcc-4.8.5/gcc-8.3.0-opnwtdjumg2hxo4ljvnx77ugb6afmvj3/lib/gcc/x86_64-pc-linux-gnu/8.3.0/specs]
  ignore line: [COLLECT_GCC=/usr/local/pace-apps/spack/packages/0.12/linux-rhel7-x86_64/gcc-4.8.5/gcc-8.3.0-opnwtdjumg2hxo4ljvnx77ugb6afmvj3/bin/gcc]
  ignore line: [COLLECT_LTO_WRAPPER=/usr/local/pace-apps/spack/packages/0.12/linux-rhel7-x86_64/gcc-4.8.5/gcc-8.3.0-opnwtdjumg2hxo4ljvnx77ugb6afmvj3/libexec/gcc/x86_64-pc-linux-gnu/8.3.0/lto-wrapper]
  ignore line: [Target: x86_64-pc-linux-gnu]
  ignore line: [Configured with: /usr/local/pace-apps/spack/root/0.12/4b400d5/var/spack/stage/gcc-8.3.0-opnwtdjumg2hxo4ljvnx77ugb6afmvj3/spack-src/configure --prefix=/usr/local/pace-apps/spack/packages/0.12/linux-rhel7-x86_64/gcc-4.8.5/gcc-8.3.0-opnwtdjumg2hxo4ljvnx77ugb6afmvj3 --disable-multilib --enable-languages=c c++ fortran --with-mpfr=/usr/local/pace-apps/spack/packages/0.12/linux-rhel7-x86_64/gcc-4.8.5/mpfr-3.1.6-vwx7snyrzymeg5n6f7dg5tbpgk35do3k --with-gmp=/usr/local/pace-apps/spack/packages/0.12/linux-rhel7-x86_64/gcc-4.8.5/gmp-6.1.2-5odxtlxihbfjtj4dxo52oz5f7r6ir6jk --enable-lto --with-quad --with-system-zlib --with-mpc=/usr/local/pace-apps/spack/packages/0.12/linux-rhel7-x86_64/gcc-4.8.5/mpc-1.1.0-pogagquauxex67doa7v2mkas2gcs5xut --with-isl=/usr/local/pace-apps/spack/packages/0.12/linux-rhel7-x86_64/gcc-4.8.5/isl-0.18-3wslknueis6r2nx3tasaizgda2ianxfa]
  ignore line: [Thread model: posix]
  ignore line: [gcc version 8.3.0 (GCC) ]
  ignore line: [COMPILER_PATH=/usr/local/pace-apps/spack/packages/0.12/linux-rhel7-x86_64/gcc-4.8.5/gcc-8.3.0-opnwtdjumg2hxo4ljvnx77ugb6afmvj3/libexec/gcc/x86_64-pc-linux-gnu/8.3.0/:/usr/local/pace-apps/spack/packages/0.12/linux-rhel7-x86_64/gcc-4.8.5/gcc-8.3.0-opnwtdjumg2hxo4ljvnx77ugb6afmvj3/libexec/gcc/:/usr/local/pace-apps/manual/packages/xalt/2.8.4/bin/]
  ignore line: [LIBRARY_PATH=/usr/local/pace-apps/spack/packages/0.12/linux-rhel7-x86_64/gcc-4.8.5/gcc-8.3.0-opnwtdjumg2hxo4ljvnx77ugb6afmvj3/lib/gcc/x86_64-pc-linux-gnu/8.3.0/:/usr/local/pace-apps/spack/packages/0.12/linux-rhel7-x86_64/gcc-4.8.5/gcc-8.3.0-opnwtdjumg2hxo4ljvnx77ugb6afmvj3/lib/gcc/:/usr/local/pace-apps/spack/packages/0.12/linux-rhel7-x86_64/gcc-4.8.5/gcc-8.3.0-opnwtdjumg2hxo4ljvnx77ugb6afmvj3/lib64/../lib64/:/usr/local/pace-apps/spack/packages/0.12/linux-rhel7-x86_64/gcc-4.8.5/gcc-8.3.0-opnwtdjumg2hxo4ljvnx77ugb6afmvj3/lib/../lib64/:/storage/pace-apps/spack/packages/0.12/linux-rhel7-x86_64/gcc-4.8.5/gcc-8.3.0-opnwtdjumg2hxo4ljvnx77ugb6afmvj3/bin/../lib/gcc/x86_64-pc-linux-gnu/8.3.0/../../../../lib64/:/lib/../lib64/:/usr/lib/../lib64/:/usr/local/pace-apps/spack/packages/0.13/linux-rhel7-x86_64/gcc-8.3.0/openblas-0.3.13-b2arkhk7rgnav574wcltqxblorppr6lu/lib/:/usr/local/pace-apps/spack/packages/0.13/linux-rhel7-x86_64/gcc-8.3.0/openmpi-3.1.6-bip3afu2wdayn3kpmokhxzy7k2bp2gwe/lib/:/usr/local/pace-apps/spack/packages/0.12/linux-rhel7-x86_64/gcc-4.8.5/gcc-8.3.0-opnwtdjumg2hxo4ljvnx77ugb6afmvj3/lib64/:/usr/local/pace-apps/spack/packages/0.12/linux-rhel7-x86_64/gcc-4.8.5/gcc-8.3.0-opnwtdjumg2hxo4ljvnx77ugb6afmvj3/lib/:/usr/local/pace-apps/spack/packages/0.13/linux-rhel7-x86_64/gcc-4.8.5/perl-5.30.0-ofyzxrpltkdninb4g5szwtd3mapc7msa/lib/:/storage/pace-apps/spack/packages/0.12/linux-rhel7-x86_64/gcc-4.8.5/gcc-8.3.0-opnwtdjumg2hxo4ljvnx77ugb6afmvj3/bin/../lib/gcc/x86_64-pc-linux-gnu/8.3.0/../../../:/lib/:/usr/lib/]
  ignore line: [COLLECT_GCC_OPTIONS='-v' '-o' 'cmTC_bece7' '-mtune=generic' '-march=x86-64']
  link line: [ /usr/local/pace-apps/spack/packages/0.12/linux-rhel7-x86_64/gcc-4.8.5/gcc-8.3.0-opnwtdjumg2hxo4ljvnx77ugb6afmvj3/libexec/gcc/x86_64-pc-linux-gnu/8.3.0/collect2 -plugin /usr/local/pace-apps/spack/packages/0.12/linux-rhel7-x86_64/gcc-4.8.5/gcc-8.3.0-opnwtdjumg2hxo4ljvnx77ugb6afmvj3/libexec/gcc/x86_64-pc-linux-gnu/8.3.0/liblto_plugin.so -plugin-opt=/usr/local/pace-apps/spack/packages/0.12/linux-rhel7-x86_64/gcc-4.8.5/gcc-8.3.0-opnwtdjumg2hxo4ljvnx77ugb6afmvj3/libexec/gcc/x86_64-pc-linux-gnu/8.3.0/lto-wrapper -plugin-opt=-fresolution=/tmp/cclX0jkm.res -plugin-opt=-pass-through=-lgcc -plugin-opt=-pass-through=-lgcc_s -plugin-opt=-pass-through=-lc -plugin-opt=-pass-through=-lgcc -plugin-opt=-pass-through=-lgcc_s -rpath /usr/local/pace-apps/spack/packages/0.12/linux-rhel7-x86_64/gcc-4.8.5/gcc-8.3.0-opnwtdjumg2hxo4ljvnx77ugb6afmvj3/lib:/usr/local/pace-apps/spack/packages/0.12/linux-rhel7-x86_64/gcc-4.8.5/gcc-8.3.0-opnwtdjumg2hxo4ljvnx77ugb6afmvj3/lib64 --eh-frame-hdr -m elf_x86_64 -dynamic-linker /lib64/ld-linux-x86-64.so.2 -o cmTC_bece7 /lib/../lib64/crt1.o /lib/../lib64/crti.o /usr/local/pace-apps/spack/packages/0.12/linux-rhel7-x86_64/gcc-4.8.5/gcc-8.3.0-opnwtdjumg2hxo4ljvnx77ugb6afmvj3/lib/gcc/x86_64-pc-linux-gnu/8.3.0/crtbegin.o -L/usr/local/pace-apps/spack/packages/0.12/linux-rhel7-x86_64/gcc-4.8.5/gcc-8.3.0-opnwtdjumg2hxo4ljvnx77ugb6afmvj3/lib/gcc/x86_64-pc-linux-gnu/8.3.0 -L/usr/local/pace-apps/spack/packages/0.12/linux-rhel7-x86_64/gcc-4.8.5/gcc-8.3.0-opnwtdjumg2hxo4ljvnx77ugb6afmvj3/lib/gcc -L/usr/local/pace-apps/spack/packages/0.12/linux-rhel7-x86_64/gcc-4.8.5/gcc-8.3.0-opnwtdjumg2hxo4ljvnx77ugb6afmvj3/lib64/../lib64 -L/usr/local/pace-apps/spack/packages/0.12/linux-rhel7-x86_64/gcc-4.8.5/gcc-8.3.0-opnwtdjumg2hxo4ljvnx77ugb6afmvj3/lib/../lib64 -L/storage/pace-apps/spack/packages/0.12/linux-rhel7-x86_64/gcc-4.8.5/gcc-8.3.0-opnwtdjumg2hxo4ljvnx77ugb6afmvj3/bin/../lib/gcc/x86_64-pc-linux-gnu/8.3.0/../../../../lib64 -L/lib/../lib64 -L/usr/lib/../lib64 -L/usr/local/pace-apps/spack/packages/0.13/linux-rhel7-x86_64/gcc-8.3.0/openblas-0.3.13-b2arkhk7rgnav574wcltqxblorppr6lu/lib -L/usr/local/pace-apps/spack/packages/0.13/linux-rhel7-x86_64/gcc-8.3.0/openmpi-3.1.6-bip3afu2wdayn3kpmokhxzy7k2bp2gwe/lib -L/usr/local/pace-apps/spack/packages/0.12/linux-rhel7-x86_64/gcc-4.8.5/gcc-8.3.0-opnwtdjumg2hxo4ljvnx77ugb6afmvj3/lib64 -L/usr/local/pace-apps/spack/packages/0.12/linux-rhel7-x86_64/gcc-4.8.5/gcc-8.3.0-opnwtdjumg2hxo4ljvnx77ugb6afmvj3/lib -L/usr/local/pace-apps/spack/packages/0.13/linux-rhel7-x86_64/gcc-4.8.5/perl-5.30.0-ofyzxrpltkdninb4g5szwtd3mapc7msa/lib -L/storage/pace-apps/spack/packages/0.12/linux-rhel7-x86_64/gcc-4.8.5/gcc-8.3.0-opnwtdjumg2hxo4ljvnx77ugb6afmvj3/bin/../lib/gcc/x86_64-pc-linux-gnu/8.3.0/../../.. CMakeFiles/cmTC_bece7.dir/CMakeCCompilerABI.c.o -lgcc --as-needed -lgcc_s --no-as-needed -lc -lgcc --as-needed -lgcc_s --no-as-needed /usr/local/pace-apps/spack/packages/0.12/linux-rhel7-x86_64/gcc-4.8.5/gcc-8.3.0-opnwtdjumg2hxo4ljvnx77ugb6afmvj3/lib/gcc/x86_64-pc-linux-gnu/8.3.0/crtend.o /lib/../lib64/crtn.o]
    arg [/usr/local/pace-apps/spack/packages/0.12/linux-rhel7-x86_64/gcc-4.8.5/gcc-8.3.0-opnwtdjumg2hxo4ljvnx77ugb6afmvj3/libexec/gcc/x86_64-pc-linux-gnu/8.3.0/collect2] ==> ignore
    arg [-plugin] ==> ignore
    arg [/usr/local/pace-apps/spack/packages/0.12/linux-rhel7-x86_64/gcc-4.8.5/gcc-8.3.0-opnwtdjumg2hxo4ljvnx77ugb6afmvj3/libexec/gcc/x86_64-pc-linux-gnu/8.3.0/liblto_plugin.so] ==> ignore
    arg [-plugin-opt=/usr/local/pace-apps/spack/packages/0.12/linux-rhel7-x86_64/gcc-4.8.5/gcc-8.3.0-opnwtdjumg2hxo4ljvnx77ugb6afmvj3/libexec/gcc/x86_64-pc-linux-gnu/8.3.0/lto-wrapper] ==> ignore
    arg [-plugin-opt=-fresolution=/tmp/cclX0jkm.res] ==> ignore
    arg [-plugin-opt=-pass-through=-lgcc] ==> ignore
    arg [-plugin-opt=-pass-through=-lgcc_s] ==> ignore
    arg [-plugin-opt=-pass-through=-lc] ==> ignore
    arg [-plugin-opt=-pass-through=-lgcc] ==> ignore
    arg [-plugin-opt=-pass-through=-lgcc_s] ==> ignore
    arg [-rpath] ==> ignore
    arg [/usr/local/pace-apps/spack/packages/0.12/linux-rhel7-x86_64/gcc-4.8.5/gcc-8.3.0-opnwtdjumg2hxo4ljvnx77ugb6afmvj3/lib:/usr/local/pace-apps/spack/packages/0.12/linux-rhel7-x86_64/gcc-4.8.5/gcc-8.3.0-opnwtdjumg2hxo4ljvnx77ugb6afmvj3/lib64] ==> ignore
    arg [--eh-frame-hdr] ==> ignore
    arg [-m] ==> ignore
    arg [elf_x86_64] ==> ignore
    arg [-dynamic-linker] ==> ignore
    arg [/lib64/ld-linux-x86-64.so.2] ==> ignore
    arg [-o] ==> ignore
    arg [cmTC_bece7] ==> ignore
    arg [/lib/../lib64/crt1.o] ==> obj [/lib/../lib64/crt1.o]
    arg [/lib/../lib64/crti.o] ==> obj [/lib/../lib64/crti.o]
    arg [/usr/local/pace-apps/spack/packages/0.12/linux-rhel7-x86_64/gcc-4.8.5/gcc-8.3.0-opnwtdjumg2hxo4ljvnx77ugb6afmvj3/lib/gcc/x86_64-pc-linux-gnu/8.3.0/crtbegin.o] ==> obj [/usr/local/pace-apps/spack/packages/0.12/linux-rhel7-x86_64/gcc-4.8.5/gcc-8.3.0-opnwtdjumg2hxo4ljvnx77ugb6afmvj3/lib/gcc/x86_64-pc-linux-gnu/8.3.0/crtbegin.o]
    arg [-L/usr/local/pace-apps/spack/packages/0.12/linux-rhel7-x86_64/gcc-4.8.5/gcc-8.3.0-opnwtdjumg2hxo4ljvnx77ugb6afmvj3/lib/gcc/x86_64-pc-linux-gnu/8.3.0] ==> dir [/usr/local/pace-apps/spack/packages/0.12/linux-rhel7-x86_64/gcc-4.8.5/gcc-8.3.0-opnwtdjumg2hxo4ljvnx77ugb6afmvj3/lib/gcc/x86_64-pc-linux-gnu/8.3.0]
    arg [-L/usr/local/pace-apps/spack/packages/0.12/linux-rhel7-x86_64/gcc-4.8.5/gcc-8.3.0-opnwtdjumg2hxo4ljvnx77ugb6afmvj3/lib/gcc] ==> dir [/usr/local/pace-apps/spack/packages/0.12/linux-rhel7-x86_64/gcc-4.8.5/gcc-8.3.0-opnwtdjumg2hxo4ljvnx77ugb6afmvj3/lib/gcc]
    arg [-L/usr/local/pace-apps/spack/packages/0.12/linux-rhel7-x86_64/gcc-4.8.5/gcc-8.3.0-opnwtdjumg2hxo4ljvnx77ugb6afmvj3/lib64/../lib64] ==> dir [/usr/local/pace-apps/spack/packages/0.12/linux-rhel7-x86_64/gcc-4.8.5/gcc-8.3.0-opnwtdjumg2hxo4ljvnx77ugb6afmvj3/lib64/../lib64]
    arg [-L/usr/local/pace-apps/spack/packages/0.12/linux-rhel7-x86_64/gcc-4.8.5/gcc-8.3.0-opnwtdjumg2hxo4ljvnx77ugb6afmvj3/lib/../lib64] ==> dir [/usr/local/pace-apps/spack/packages/0.12/linux-rhel7-x86_64/gcc-4.8.5/gcc-8.3.0-opnwtdjumg2hxo4ljvnx77ugb6afmvj3/lib/../lib64]
    arg [-L/storage/pace-apps/spack/packages/0.12/linux-rhel7-x86_64/gcc-4.8.5/gcc-8.3.0-opnwtdjumg2hxo4ljvnx77ugb6afmvj3/bin/../lib/gcc/x86_64-pc-linux-gnu/8.3.0/../../../../lib64] ==> dir [/storage/pace-apps/spack/packages/0.12/linux-rhel7-x86_64/gcc-4.8.5/gcc-8.3.0-opnwtdjumg2hxo4ljvnx77ugb6afmvj3/bin/../lib/gcc/x86_64-pc-linux-gnu/8.3.0/../../../../lib64]
    arg [-L/lib/../lib64] ==> dir [/lib/../lib64]
    arg [-L/usr/lib/../lib64] ==> dir [/usr/lib/../lib64]
    arg [-L/usr/local/pace-apps/spack/packages/0.13/linux-rhel7-x86_64/gcc-8.3.0/openblas-0.3.13-b2arkhk7rgnav574wcltqxblorppr6lu/lib] ==> dir [/usr/local/pace-apps/spack/packages/0.13/linux-rhel7-x86_64/gcc-8.3.0/openblas-0.3.13-b2arkhk7rgnav574wcltqxblorppr6lu/lib]
    arg [-L/usr/local/pace-apps/spack/packages/0.13/linux-rhel7-x86_64/gcc-8.3.0/openmpi-3.1.6-bip3afu2wdayn3kpmokhxzy7k2bp2gwe/lib] ==> dir [/usr/local/pace-apps/spack/packages/0.13/linux-rhel7-x86_64/gcc-8.3.0/openmpi-3.1.6-bip3afu2wdayn3kpmokhxzy7k2bp2gwe/lib]
    arg [-L/usr/local/pace-apps/spack/packages/0.12/linux-rhel7-x86_64/gcc-4.8.5/gcc-8.3.0-opnwtdjumg2hxo4ljvnx77ugb6afmvj3/lib64] ==> dir [/usr/local/pace-apps/spack/packages/0.12/linux-rhel7-x86_64/gcc-4.8.5/gcc-8.3.0-opnwtdjumg2hxo4ljvnx77ugb6afmvj3/lib64]
    arg [-L/usr/local/pace-apps/spack/packages/0.12/linux-rhel7-x86_64/gcc-4.8.5/gcc-8.3.0-opnwtdjumg2hxo4ljvnx77ugb6afmvj3/lib] ==> dir [/usr/local/pace-apps/spack/packages/0.12/linux-rhel7-x86_64/gcc-4.8.5/gcc-8.3.0-opnwtdjumg2hxo4ljvnx77ugb6afmvj3/lib]
    arg [-L/usr/local/pace-apps/spack/packages/0.13/linux-rhel7-x86_64/gcc-4.8.5/perl-5.30.0-ofyzxrpltkdninb4g5szwtd3mapc7msa/lib] ==> dir [/usr/local/pace-apps/spack/packages/0.13/linux-rhel7-x86_64/gcc-4.8.5/perl-5.30.0-ofyzxrpltkdninb4g5szwtd3mapc7msa/lib]
    arg [-L/storage/pace-apps/spack/packages/0.12/linux-rhel7-x86_64/gcc-4.8.5/gcc-8.3.0-opnwtdjumg2hxo4ljvnx77ugb6afmvj3/bin/../lib/gcc/x86_64-pc-linux-gnu/8.3.0/../../..] ==> dir [/storage/pace-apps/spack/packages/0.12/linux-rhel7-x86_64/gcc-4.8.5/gcc-8.3.0-opnwtdjumg2hxo4ljvnx77ugb6afmvj3/bin/../lib/gcc/x86_64-pc-linux-gnu/8.3.0/../../..]
    arg [CMakeFiles/cmTC_bece7.dir/CMakeCCompilerABI.c.o] ==> ignore
    arg [-lgcc] ==> lib [gcc]
    arg [--as-needed] ==> ignore
    arg [-lgcc_s] ==> lib [gcc_s]
    arg [--no-as-needed] ==> ignore
    arg [-lc] ==> lib [c]
    arg [-lgcc] ==> lib [gcc]
    arg [--as-needed] ==> ignore
    arg [-lgcc_s] ==> lib [gcc_s]
    arg [--no-as-needed] ==> ignore
    arg [/usr/local/pace-apps/spack/packages/0.12/linux-rhel7-x86_64/gcc-4.8.5/gcc-8.3.0-opnwtdjumg2hxo4ljvnx77ugb6afmvj3/lib/gcc/x86_64-pc-linux-gnu/8.3.0/crtend.o] ==> obj [/usr/local/pace-apps/spack/packages/0.12/linux-rhel7-x86_64/gcc-4.8.5/gcc-8.3.0-opnwtdjumg2hxo4ljvnx77ugb6afmvj3/lib/gcc/x86_64-pc-linux-gnu/8.3.0/crtend.o]
    arg [/lib/../lib64/crtn.o] ==> obj [/lib/../lib64/crtn.o]
  collapse obj [/lib/../lib64/crt1.o] ==> [/lib64/crt1.o]
  collapse obj [/lib/../lib64/crti.o] ==> [/lib64/crti.o]
  collapse obj [/lib/../lib64/crtn.o] ==> [/lib64/crtn.o]
  collapse library dir [/usr/local/pace-apps/spack/packages/0.12/linux-rhel7-x86_64/gcc-4.8.5/gcc-8.3.0-opnwtdjumg2hxo4ljvnx77ugb6afmvj3/lib/gcc/x86_64-pc-linux-gnu/8.3.0] ==> [/usr/local/pace-apps/spack/packages/0.12/linux-rhel7-x86_64/gcc-4.8.5/gcc-8.3.0-opnwtdjumg2hxo4ljvnx77ugb6afmvj3/lib/gcc/x86_64-pc-linux-gnu/8.3.0]
  collapse library dir [/usr/local/pace-apps/spack/packages/0.12/linux-rhel7-x86_64/gcc-4.8.5/gcc-8.3.0-opnwtdjumg2hxo4ljvnx77ugb6afmvj3/lib/gcc] ==> [/usr/local/pace-apps/spack/packages/0.12/linux-rhel7-x86_64/gcc-4.8.5/gcc-8.3.0-opnwtdjumg2hxo4ljvnx77ugb6afmvj3/lib/gcc]
  collapse library dir [/usr/local/pace-apps/spack/packages/0.12/linux-rhel7-x86_64/gcc-4.8.5/gcc-8.3.0-opnwtdjumg2hxo4ljvnx77ugb6afmvj3/lib64/../lib64] ==> [/usr/local/pace-apps/spack/packages/0.12/linux-rhel7-x86_64/gcc-4.8.5/gcc-8.3.0-opnwtdjumg2hxo4ljvnx77ugb6afmvj3/lib64]
  collapse library dir [/usr/local/pace-apps/spack/packages/0.12/linux-rhel7-x86_64/gcc-4.8.5/gcc-8.3.0-opnwtdjumg2hxo4ljvnx77ugb6afmvj3/lib/../lib64] ==> [/usr/local/pace-apps/spack/packages/0.12/linux-rhel7-x86_64/gcc-4.8.5/gcc-8.3.0-opnwtdjumg2hxo4ljvnx77ugb6afmvj3/lib64]
  collapse library dir [/storage/pace-apps/spack/packages/0.12/linux-rhel7-x86_64/gcc-4.8.5/gcc-8.3.0-opnwtdjumg2hxo4ljvnx77ugb6afmvj3/bin/../lib/gcc/x86_64-pc-linux-gnu/8.3.0/../../../../lib64] ==> [/storage/pace-apps/spack/packages/0.12/linux-rhel7-x86_64/gcc-4.8.5/gcc-8.3.0-opnwtdjumg2hxo4ljvnx77ugb6afmvj3/lib64]
  collapse library dir [/lib/../lib64] ==> [/lib64]
  collapse library dir [/usr/lib/../lib64] ==> [/usr/lib64]
  collapse library dir [/usr/local/pace-apps/spack/packages/0.13/linux-rhel7-x86_64/gcc-8.3.0/openblas-0.3.13-b2arkhk7rgnav574wcltqxblorppr6lu/lib] ==> [/usr/local/pace-apps/spack/packages/0.13/linux-rhel7-x86_64/gcc-8.3.0/openblas-0.3.13-b2arkhk7rgnav574wcltqxblorppr6lu/lib]
  collapse library dir [/usr/local/pace-apps/spack/packages/0.13/linux-rhel7-x86_64/gcc-8.3.0/openmpi-3.1.6-bip3afu2wdayn3kpmokhxzy7k2bp2gwe/lib] ==> [/usr/local/pace-apps/spack/packages/0.13/linux-rhel7-x86_64/gcc-8.3.0/openmpi-3.1.6-bip3afu2wdayn3kpmokhxzy7k2bp2gwe/lib]
  collapse library dir [/usr/local/pace-apps/spack/packages/0.12/linux-rhel7-x86_64/gcc-4.8.5/gcc-8.3.0-opnwtdjumg2hxo4ljvnx77ugb6afmvj3/lib64] ==> [/usr/local/pace-apps/spack/packages/0.12/linux-rhel7-x86_64/gcc-4.8.5/gcc-8.3.0-opnwtdjumg2hxo4ljvnx77ugb6afmvj3/lib64]
  collapse library dir [/usr/local/pace-apps/spack/packages/0.12/linux-rhel7-x86_64/gcc-4.8.5/gcc-8.3.0-opnwtdjumg2hxo4ljvnx77ugb6afmvj3/lib] ==> [/usr/local/pace-apps/spack/packages/0.12/linux-rhel7-x86_64/gcc-4.8.5/gcc-8.3.0-opnwtdjumg2hxo4ljvnx77ugb6afmvj3/lib]
  collapse library dir [/usr/local/pace-apps/spack/packages/0.13/linux-rhel7-x86_64/gcc-4.8.5/perl-5.30.0-ofyzxrpltkdninb4g5szwtd3mapc7msa/lib] ==> [/usr/local/pace-apps/spack/packages/0.13/linux-rhel7-x86_64/gcc-4.8.5/perl-5.30.0-ofyzxrpltkdninb4g5szwtd3mapc7msa/lib]
  collapse library dir [/storage/pace-apps/spack/packages/0.12/linux-rhel7-x86_64/gcc-4.8.5/gcc-8.3.0-opnwtdjumg2hxo4ljvnx77ugb6afmvj3/bin/../lib/gcc/x86_64-pc-linux-gnu/8.3.0/../../..] ==> [/storage/pace-apps/spack/packages/0.12/linux-rhel7-x86_64/gcc-4.8.5/gcc-8.3.0-opnwtdjumg2hxo4ljvnx77ugb6afmvj3/lib]
  implicit libs: [gcc;gcc_s;c;gcc;gcc_s]
  implicit objs: [/lib64/crt1.o;/lib64/crti.o;/usr/local/pace-apps/spack/packages/0.12/linux-rhel7-x86_64/gcc-4.8.5/gcc-8.3.0-opnwtdjumg2hxo4ljvnx77ugb6afmvj3/lib/gcc/x86_64-pc-linux-gnu/8.3.0/crtbegin.o;/usr/local/pace-apps/spack/packages/0.12/linux-rhel7-x86_64/gcc-4.8.5/gcc-8.3.0-opnwtdjumg2hxo4ljvnx77ugb6afmvj3/lib/gcc/x86_64-pc-linux-gnu/8.3.0/crtend.o;/lib64/crtn.o]
  implicit dirs: [/usr/local/pace-apps/spack/packages/0.12/linux-rhel7-x86_64/gcc-4.8.5/gcc-8.3.0-opnwtdjumg2hxo4ljvnx77ugb6afmvj3/lib/gcc/x86_64-pc-linux-gnu/8.3.0;/usr/local/pace-apps/spack/packages/0.12/linux-rhel7-x86_64/gcc-4.8.5/gcc-8.3.0-opnwtdjumg2hxo4ljvnx77ugb6afmvj3/lib/gcc;/usr/local/pace-apps/spack/packages/0.12/linux-rhel7-x86_64/gcc-4.8.5/gcc-8.3.0-opnwtdjumg2hxo4ljvnx77ugb6afmvj3/lib64;/storage/pace-apps/spack/packages/0.12/linux-rhel7-x86_64/gcc-4.8.5/gcc-8.3.0-opnwtdjumg2hxo4ljvnx77ugb6afmvj3/lib64;/lib64;/usr/lib64;/usr/local/pace-apps/spack/packages/0.13/linux-rhel7-x86_64/gcc-8.3.0/openblas-0.3.13-b2arkhk7rgnav574wcltqxblorppr6lu/lib;/usr/local/pace-apps/spack/packages/0.13/linux-rhel7-x86_64/gcc-8.3.0/openmpi-3.1.6-bip3afu2wdayn3kpmokhxzy7k2bp2gwe/lib;/usr/local/pace-apps/spack/packages/0.12/linux-rhel7-x86_64/gcc-4.8.5/gcc-8.3.0-opnwtdjumg2hxo4ljvnx77ugb6afmvj3/lib;/usr/local/pace-apps/spack/packages/0.13/linux-rhel7-x86_64/gcc-4.8.5/perl-5.30.0-ofyzxrpltkdninb4g5szwtd3mapc7msa/lib;/storage/pace-apps/spack/packages/0.12/linux-rhel7-x86_64/gcc-4.8.5/gcc-8.3.0-opnwtdjumg2hxo4ljvnx77ugb6afmvj3/lib]
  implicit fwks: []


Detecting CXX compiler ABI info compiled with the following output:
Change Dir: /storage/coda1/p-mqureshi4/0/svittal8/gulliver/ftqc/quarch/CMakeFiles/CMakeTmp

Run Build Command(s):/usr/bin/gmake -f Makefile cmTC_58805/fast && /usr/bin/gmake  -f CMakeFiles/cmTC_58805.dir/build.make CMakeFiles/cmTC_58805.dir/build
gmake[1]: Entering directory `/storage/coda1/p-mqureshi4/0/svittal8/gulliver/ftqc/quarch/CMakeFiles/CMakeTmp'
Building CXX object CMakeFiles/cmTC_58805.dir/CMakeCXXCompilerABI.cpp.o
/usr/local/pace-apps/spack/packages/0.12/linux-rhel7-x86_64/gcc-4.8.5/gcc-8.3.0-opnwtdjumg2hxo4ljvnx77ugb6afmvj3/bin/g++   -v -o CMakeFiles/cmTC_58805.dir/CMakeCXXCompilerABI.cpp.o -c /storage/pace-apps/spack/packages/0.13/linux-rhel7-x86_64/gcc-4.8.5/cmake-3.20.3-xf4af7k6rjgmzfa7mpqxejafub62t5ty/share/cmake-3.20/Modules/CMakeCXXCompilerABI.cpp
Reading specs from /usr/local/pace-apps/spack/packages/0.12/linux-rhel7-x86_64/gcc-4.8.5/gcc-8.3.0-opnwtdjumg2hxo4ljvnx77ugb6afmvj3/lib/gcc/x86_64-pc-linux-gnu/8.3.0/specs
COLLECT_GCC=/usr/local/pace-apps/spack/packages/0.12/linux-rhel7-x86_64/gcc-4.8.5/gcc-8.3.0-opnwtdjumg2hxo4ljvnx77ugb6afmvj3/bin/g++
Target: x86_64-pc-linux-gnu
Configured with: /usr/local/pace-apps/spack/root/0.12/4b400d5/var/spack/stage/gcc-8.3.0-opnwtdjumg2hxo4ljvnx77ugb6afmvj3/spack-src/configure --prefix=/usr/local/pace-apps/spack/packages/0.12/linux-rhel7-x86_64/gcc-4.8.5/gcc-8.3.0-opnwtdjumg2hxo4ljvnx77ugb6afmvj3 --disable-multilib --enable-languages=c,c++,fortran --with-mpfr=/usr/local/pace-apps/spack/packages/0.12/linux-rhel7-x86_64/gcc-4.8.5/mpfr-3.1.6-vwx7snyrzymeg5n6f7dg5tbpgk35do3k --with-gmp=/usr/local/pace-apps/spack/packages/0.12/linux-rhel7-x86_64/gcc-4.8.5/gmp-6.1.2-5odxtlxihbfjtj4dxo52oz5f7r6ir6jk --enable-lto --with-quad --with-system-zlib --with-mpc=/usr/local/pace-apps/spack/packages/0.12/linux-rhel7-x86_64/gcc-4.8.5/mpc-1.1.0-pogagquauxex67doa7v2mkas2gcs5xut --with-isl=/usr/local/pace-apps/spack/packages/0.12/linux-rhel7-x86_64/gcc-4.8.5/isl-0.18-3wslknueis6r2nx3tasaizgda2ianxfa
Thread model: posix
gcc version 8.3.0 (GCC) 
COLLECT_GCC_OPTIONS='-v' '-o' 'CMakeFiles/cmTC_58805.dir/CMakeCXXCompilerABI.cpp.o' '-c' '-shared-libgcc' '-mtune=generic' '-march=x86-64'
 /usr/local/pace-apps/spack/packages/0.12/linux-rhel7-x86_64/gcc-4.8.5/gcc-8.3.0-opnwtdjumg2hxo4ljvnx77ugb6afmvj3/libexec/gcc/x86_64-pc-linux-gnu/8.3.0/cc1plus -quiet -v -iprefix /storage/pace-apps/spack/packages/0.12/linux-rhel7-x86_64/gcc-4.8.5/gcc-8.3.0-opnwtdjumg2hxo4ljvnx77ugb6afmvj3/bin/../lib/gcc/x86_64-pc-linux-gnu/8.3.0/ -D_GNU_SOURCE /storage/pace-apps/spack/packages/0.13/linux-rhel7-x86_64/gcc-4.8.5/cmake-3.20.3-xf4af7k6rjgmzfa7mpqxejafub62t5ty/share/cmake-3.20/Modules/CMakeCXXCompilerABI.cpp -quiet -dumpbase CMakeCXXCompilerABI.cpp -mtune=generic -march=x86-64 -auxbase-strip CMakeFiles/cmTC_58805.dir/CMakeCXXCompilerABI.cpp.o -version -o /tmp/ccZkJzcA.s
GNU C++14 (GCC) version 8.3.0 (x86_64-pc-linux-gnu)
	compiled by GNU C version 8.3.0, GMP version 6.1.2, MPFR version 3.1.6-p2, MPC version 1.1.0, isl version isl-0.18-GMP

GGC heuristics: --param ggc-min-expand=100 --param ggc-min-heapsize=131072
ignoring nonexistent directory "/storage/pace-apps/spack/packages/0.12/linux-rhel7-x86_64/gcc-4.8.5/gcc-8.3.0-opnwtdjumg2hxo4ljvnx77ugb6afmvj3/bin/../lib/gcc/x86_64-pc-linux-gnu/8.3.0/../../../../x86_64-pc-linux-gnu/include"
ignoring duplicate directory "/storage/pace-apps/spack/packages/0.12/linux-rhel7-x86_64/gcc-4.8.5/gcc-8.3.0-opnwtdjumg2hxo4ljvnx77ugb6afmvj3/bin/../lib/gcc/../../lib/gcc/x86_64-pc-linux-gnu/8.3.0/../../../../include/c++/8.3.0"
ignoring duplicate directory "/storage/pace-apps/spack/packages/0.12/linux-rhel7-x86_64/gcc-4.8.5/gcc-8.3.0-opnwtdjumg2hxo4ljvnx77ugb6afmvj3/bin/../lib/gcc/../../lib/gcc/x86_64-pc-linux-gnu/8.3.0/../../../../include/c++/8.3.0/x86_64-pc-linux-gnu"
ignoring duplicate directory "/storage/pace-apps/spack/packages/0.12/linux-rhel7-x86_64/gcc-4.8.5/gcc-8.3.0-opnwtdjumg2hxo4ljvnx77ugb6afmvj3/bin/../lib/gcc/../../lib/gcc/x86_64-pc-linux-gnu/8.3.0/../../../../include/c++/8.3.0/backward"
ignoring duplicate directory "/storage/pace-apps/spack/packages/0.12/linux-rhel7-x86_64/gcc-4.8.5/gcc-8.3.0-opnwtdjumg2hxo4ljvnx77ugb6afmvj3/bin/../lib/gcc/../../lib/gcc/x86_64-pc-linux-gnu/8.3.0/include"
ignoring duplicate directory "/storage/pace-apps/spack/packages/0.12/linux-rhel7-x86_64/gcc-4.8.5/gcc-8.3.0-opnwtdjumg2hxo4ljvnx77ugb6afmvj3/bin/../lib/gcc/../../lib/gcc/x86_64-pc-linux-gnu/8.3.0/include-fixed"
ignoring nonexistent directory "/storage/pace-apps/spack/packages/0.12/linux-rhel7-x86_64/gcc-4.8.5/gcc-8.3.0-opnwtdjumg2hxo4ljvnx77ugb6afmvj3/bin/../lib/gcc/../../lib/gcc/x86_64-pc-linux-gnu/8.3.0/../../../../x86_64-pc-linux-gnu/include"
ignoring duplicate directory "/usr/local/pace-apps/spack/packages/0.12/linux-rhel7-x86_64/gcc-4.8.5/gcc-8.3.0-opnwtdjumg2hxo4ljvnx77ugb6afmvj3/include"
  as it is a non-system directory that duplicates a system directory
#include "..." search starts here:
#include <...> search starts here:
 /usr/local/pace-apps/spack/packages/0.13/linux-rhel7-x86_64/gcc-8.3.0/openblas-0.3.13-b2arkhk7rgnav574wcltqxblorppr6lu/include
 /usr/local/pace-apps/spack/packages/0.13/linux-rhel7-x86_64/gcc-8.3.0/openmpi-3.1.6-bip3afu2wdayn3kpmokhxzy7k2bp2gwe/include
 /storage/pace-apps/spack/packages/0.12/linux-rhel7-x86_64/gcc-4.8.5/gcc-8.3.0-opnwtdjumg2hxo4ljvnx77ugb6afmvj3/bin/../lib/gcc/x86_64-pc-linux-gnu/8.3.0/../../../../include/c++/8.3.0
 /storage/pace-apps/spack/packages/0.12/linux-rhel7-x86_64/gcc-4.8.5/gcc-8.3.0-opnwtdjumg2hxo4ljvnx77ugb6afmvj3/bin/../lib/gcc/x86_64-pc-linux-gnu/8.3.0/../../../../include/c++/8.3.0/x86_64-pc-linux-gnu
 /storage/pace-apps/spack/packages/0.12/linux-rhel7-x86_64/gcc-4.8.5/gcc-8.3.0-opnwtdjumg2hxo4ljvnx77ugb6afmvj3/bin/../lib/gcc/x86_64-pc-linux-gnu/8.3.0/../../../../include/c++/8.3.0/backward
 /storage/pace-apps/spack/packages/0.12/linux-rhel7-x86_64/gcc-4.8.5/gcc-8.3.0-opnwtdjumg2hxo4ljvnx77ugb6afmvj3/bin/../lib/gcc/x86_64-pc-linux-gnu/8.3.0/include
 /storage/pace-apps/spack/packages/0.12/linux-rhel7-x86_64/gcc-4.8.5/gcc-8.3.0-opnwtdjumg2hxo4ljvnx77ugb6afmvj3/bin/../lib/gcc/x86_64-pc-linux-gnu/8.3.0/include-fixed
 /usr/local/include
 /storage/pace-apps/spack/packages/0.12/linux-rhel7-x86_64/gcc-4.8.5/gcc-8.3.0-opnwtdjumg2hxo4ljvnx77ugb6afmvj3/bin/../lib/gcc/../../include
 /usr/include
End of search list.
GNU C++14 (GCC) version 8.3.0 (x86_64-pc-linux-gnu)
	compiled by GNU C version 8.3.0, GMP version 6.1.2, MPFR version 3.1.6-p2, MPC version 1.1.0, isl version isl-0.18-GMP

GGC heuristics: --param ggc-min-expand=100 --param ggc-min-heapsize=131072
Compiler executable checksum: b2a80fefef08c3877ca94b245b785da0
COLLECT_GCC_OPTIONS='-v' '-o' 'CMakeFiles/cmTC_58805.dir/CMakeCXXCompilerABI.cpp.o' '-c' '-shared-libgcc' '-mtune=generic' '-march=x86-64'
 as -v --64 -o CMakeFiles/cmTC_58805.dir/CMakeCXXCompilerABI.cpp.o /tmp/ccZkJzcA.s
GNU assembler version 2.27 (x86_64-redhat-linux) using BFD version version 2.27-44.base.el7_9.1
COMPILER_PATH=/usr/local/pace-apps/spack/packages/0.12/linux-rhel7-x86_64/gcc-4.8.5/gcc-8.3.0-opnwtdjumg2hxo4ljvnx77ugb6afmvj3/libexec/gcc/x86_64-pc-linux-gnu/8.3.0/:/usr/local/pace-apps/spack/packages/0.12/linux-rhel7-x86_64/gcc-4.8.5/gcc-8.3.0-opnwtdjumg2hxo4ljvnx77ugb6afmvj3/libexec/gcc/:/usr/local/pace-apps/manual/packages/xalt/2.8.4/bin/
LIBRARY_PATH=/usr/local/pace-apps/spack/packages/0.12/linux-rhel7-x86_64/gcc-4.8.5/gcc-8.3.0-opnwtdjumg2hxo4ljvnx77ugb6afmvj3/lib/gcc/x86_64-pc-linux-gnu/8.3.0/:/usr/local/pace-apps/spack/packages/0.12/linux-rhel7-x86_64/gcc-4.8.5/gcc-8.3.0-opnwtdjumg2hxo4ljvnx77ugb6afmvj3/lib/gcc/:/usr/local/pace-apps/spack/packages/0.12/linux-rhel7-x86_64/gcc-4.8.5/gcc-8.3.0-opnwtdjumg2hxo4ljvnx77ugb6afmvj3/lib64/../lib64/:/usr/local/pace-apps/spack/packages/0.12/linux-rhel7-x86_64/gcc-4.8.5/gcc-8.3.0-opnwtdjumg2hxo4ljvnx77ugb6afmvj3/lib/../lib64/:/storage/pace-apps/spack/packages/0.12/linux-rhel7-x86_64/gcc-4.8.5/gcc-8.3.0-opnwtdjumg2hxo4ljvnx77ugb6afmvj3/bin/../lib/gcc/x86_64-pc-linux-gnu/8.3.0/../../../../lib64/:/lib/../lib64/:/usr/lib/../lib64/:/usr/local/pace-apps/spack/packages/0.13/linux-rhel7-x86_64/gcc-8.3.0/openblas-0.3.13-b2arkhk7rgnav574wcltqxblorppr6lu/lib/:/usr/local/pace-apps/spack/packages/0.13/linux-rhel7-x86_64/gcc-8.3.0/openmpi-3.1.6-bip3afu2wdayn3kpmokhxzy7k2bp2gwe/lib/:/usr/local/pace-apps/spack/packages/0.12/linux-rhel7-x86_64/gcc-4.8.5/gcc-8.3.0-opnwtdjumg2hxo4ljvnx77ugb6afmvj3/lib64/:/usr/local/pace-apps/spack/packages/0.12/linux-rhel7-x86_64/gcc-4.8.5/gcc-8.3.0-opnwtdjumg2hxo4ljvnx77ugb6afmvj3/lib/:/usr/local/pace-apps/spack/packages/0.13/linux-rhel7-x86_64/gcc-4.8.5/perl-5.30.0-ofyzxrpltkdninb4g5szwtd3mapc7msa/lib/:/storage/pace-apps/spack/packages/0.12/linux-rhel7-x86_64/gcc-4.8.5/gcc-8.3.0-opnwtdjumg2hxo4ljvnx77ugb6afmvj3/bin/../lib/gcc/x86_64-pc-linux-gnu/8.3.0/../../../:/lib/:/usr/lib/
COLLECT_GCC_OPTIONS='-v' '-o' 'CMakeFiles/cmTC_58805.dir/CMakeCXXCompilerABI.cpp.o' '-c' '-shared-libgcc' '-mtune=generic' '-march=x86-64'
Linking CXX executable cmTC_58805
/storage/pace-apps/spack/packages/0.13/linux-rhel7-x86_64/gcc-4.8.5/cmake-3.20.3-xf4af7k6rjgmzfa7mpqxejafub62t5ty/bin/cmake -E cmake_link_script CMakeFiles/cmTC_58805.dir/link.txt --verbose=1
/usr/local/pace-apps/spack/packages/0.12/linux-rhel7-x86_64/gcc-4.8.5/gcc-8.3.0-opnwtdjumg2hxo4ljvnx77ugb6afmvj3/bin/g++  -v CMakeFiles/cmTC_58805.dir/CMakeCXXCompilerABI.cpp.o -o cmTC_58805 
Reading specs from /usr/local/pace-apps/spack/packages/0.12/linux-rhel7-x86_64/gcc-4.8.5/gcc-8.3.0-opnwtdjumg2hxo4ljvnx77ugb6afmvj3/lib/gcc/x86_64-pc-linux-gnu/8.3.0/specs
COLLECT_GCC=/usr/local/pace-apps/spack/packages/0.12/linux-rhel7-x86_64/gcc-4.8.5/gcc-8.3.0-opnwtdjumg2hxo4ljvnx77ugb6afmvj3/bin/g++
COLLECT_LTO_WRAPPER=/usr/local/pace-apps/spack/packages/0.12/linux-rhel7-x86_64/gcc-4.8.5/gcc-8.3.0-opnwtdjumg2hxo4ljvnx77ugb6afmvj3/libexec/gcc/x86_64-pc-linux-gnu/8.3.0/lto-wrapper
Target: x86_64-pc-linux-gnu
Configured with: /usr/local/pace-apps/spack/root/0.12/4b400d5/var/spack/stage/gcc-8.3.0-opnwtdjumg2hxo4ljvnx77ugb6afmvj3/spack-src/configure --prefix=/usr/local/pace-apps/spack/packages/0.12/linux-rhel7-x86_64/gcc-4.8.5/gcc-8.3.0-opnwtdjumg2hxo4ljvnx77ugb6afmvj3 --disable-multilib --enable-languages=c,c++,fortran --with-mpfr=/usr/local/pace-apps/spack/packages/0.12/linux-rhel7-x86_64/gcc-4.8.5/mpfr-3.1.6-vwx7snyrzymeg5n6f7dg5tbpgk35do3k --with-gmp=/usr/local/pace-apps/spack/packages/0.12/linux-rhel7-x86_64/gcc-4.8.5/gmp-6.1.2-5odxtlxihbfjtj4dxo52oz5f7r6ir6jk --enable-lto --with-quad --with-system-zlib --with-mpc=/usr/local/pace-apps/spack/packages/0.12/linux-rhel7-x86_64/gcc-4.8.5/mpc-1.1.0-pogagquauxex67doa7v2mkas2gcs5xut --with-isl=/usr/local/pace-apps/spack/packages/0.12/linux-rhel7-x86_64/gcc-4.8.5/isl-0.18-3wslknueis6r2nx3tasaizgda2ianxfa
Thread model: posix
gcc version 8.3.0 (GCC) 
COMPILER_PATH=/usr/local/pace-apps/spack/packages/0.12/linux-rhel7-x86_64/gcc-4.8.5/gcc-8.3.0-opnwtdjumg2hxo4ljvnx77ugb6afmvj3/libexec/gcc/x86_64-pc-linux-gnu/8.3.0/:/usr/local/pace-apps/spack/packages/0.12/linux-rhel7-x86_64/gcc-4.8.5/gcc-8.3.0-opnwtdjumg2hxo4ljvnx77ugb6afmvj3/libexec/gcc/:/usr/local/pace-apps/manual/packages/xalt/2.8.4/bin/
LIBRARY_PATH=/usr/local/pace-apps/spack/packages/0.12/linux-rhel7-x86_64/gcc-4.8.5/gcc-8.3.0-opnwtdjumg2hxo4ljvnx77ugb6afmvj3/lib/gcc/x86_64-pc-linux-gnu/8.3.0/:/usr/local/pace-apps/spack/packages/0.12/linux-rhel7-x86_64/gcc-4.8.5/gcc-8.3.0-opnwtdjumg2hxo4ljvnx77ugb6afmvj3/lib/gcc/:/usr/local/pace-apps/spack/packages/0.12/linux-rhel7-x86_64/gcc-4.8.5/gcc-8.3.0-opnwtdjumg2hxo4ljvnx77ugb6afmvj3/lib64/../lib64/:/usr/local/pace-apps/spack/packages/0.12/linux-rhel7-x86_64/gcc-4.8.5/gcc-8.3.0-opnwtdjumg2hxo4ljvnx77ugb6afmvj3/lib/../lib64/:/storage/pace-apps/spack/packages/0.12/linux-rhel7-x86_64/gcc-4.8.5/gcc-8.3.0-opnwtdjumg2hxo4ljvnx77ugb6afmvj3/bin/../lib/gcc/x86_64-pc-linux-gnu/8.3.0/../../../../lib64/:/lib/../lib64/:/usr/lib/../lib64/:/usr/local/pace-apps/spack/packages/0.13/linux-rhel7-x86_64/gcc-8.3.0/openblas-0.3.13-b2arkhk7rgnav574wcltqxblorppr6lu/lib/:/usr/local/pace-apps/spack/packages/0.13/linux-rhel7-x86_64/gcc-8.3.0/openmpi-3.1.6-bip3afu2wdayn3kpmokhxzy7k2bp2gwe/lib/:/usr/local/pace-apps/spack/packages/0.12/linux-rhel7-x86_64/gcc-4.8.5/gcc-8.3.0-opnwtdjumg2hxo4ljvnx77ugb6afmvj3/lib64/:/usr/local/pace-apps/spack/packages/0.12/linux-rhel7-x86_64/gcc-4.8.5/gcc-8.3.0-opnwtdjumg2hxo4ljvnx77ugb6afmvj3/lib/:/usr/local/pace-apps/spack/packages/0.13/linux-rhel7-x86_64/gcc-4.8.5/perl-5.30.0-ofyzxrpltkdninb4g5szwtd3mapc7msa/lib/:/storage/pace-apps/spack/packages/0.12/linux-rhel7-x86_64/gcc-4.8.5/gcc-8.3.0-opnwtdjumg2hxo4ljvnx77ugb6afmvj3/bin/../lib/gcc/x86_64-pc-linux-gnu/8.3.0/../../../:/lib/:/usr/lib/
COLLECT_GCC_OPTIONS='-v' '-o' 'cmTC_58805' '-shared-libgcc' '-mtune=generic' '-march=x86-64'
 /usr/local/pace-apps/spack/packages/0.12/linux-rhel7-x86_64/gcc-4.8.5/gcc-8.3.0-opnwtdjumg2hxo4ljvnx77ugb6afmvj3/libexec/gcc/x86_64-pc-linux-gnu/8.3.0/collect2 -plugin /usr/local/pace-apps/spack/packages/0.12/linux-rhel7-x86_64/gcc-4.8.5/gcc-8.3.0-opnwtdjumg2hxo4ljvnx77ugb6afmvj3/libexec/gcc/x86_64-pc-linux-gnu/8.3.0/liblto_plugin.so -plugin-opt=/usr/local/pace-apps/spack/packages/0.12/linux-rhel7-x86_64/gcc-4.8.5/gcc-8.3.0-opnwtdjumg2hxo4ljvnx77ugb6afmvj3/libexec/gcc/x86_64-pc-linux-gnu/8.3.0/lto-wrapper -plugin-opt=-fresolution=/tmp/ccWtDYJC.res -plugin-opt=-pass-through=-lgcc_s -plugin-opt=-pass-through=-lgcc -plugin-opt=-pass-through=-lc -plugin-opt=-pass-through=-lgcc_s -plugin-opt=-pass-through=-lgcc -rpath /usr/local/pace-apps/spack/packages/0.12/linux-rhel7-x86_64/gcc-4.8.5/gcc-8.3.0-opnwtdjumg2hxo4ljvnx77ugb6afmvj3/lib:/usr/local/pace-apps/spack/packages/0.12/linux-rhel7-x86_64/gcc-4.8.5/gcc-8.3.0-opnwtdjumg2hxo4ljvnx77ugb6afmvj3/lib64 --eh-frame-hdr -m elf_x86_64 -dynamic-linker /lib64/ld-linux-x86-64.so.2 -o cmTC_58805 /lib/../lib64/crt1.o /lib/../lib64/crti.o /usr/local/pace-apps/spack/packages/0.12/linux-rhel7-x86_64/gcc-4.8.5/gcc-8.3.0-opnwtdjumg2hxo4ljvnx77ugb6afmvj3/lib/gcc/x86_64-pc-linux-gnu/8.3.0/crtbegin.o -L/usr/local/pace-apps/spack/packages/0.12/linux-rhel7-x86_64/gcc-4.8.5/gcc-8.3.0-opnwtdjumg2hxo4ljvnx77ugb6afmvj3/lib/gcc/x86_64-pc-linux-gnu/8.3.0 -L/usr/local/pace-apps/spack/packages/0.12/linux-rhel7-x86_64/gcc-4.8.5/gcc-8.3.0-opnwtdjumg2hxo4ljvnx77ugb6afmvj3/lib/gcc -L/usr/local/pace-apps/spack/packages/0.12/linux-rhel7-x86_64/gcc-4.8.5/gcc-8.3.0-opnwtdjumg2hxo4ljvnx77ugb6afmvj3/lib64/../lib64 -L/usr/local/pace-apps/spack/packages/0.12/linux-rhel7-x86_64/gcc-4.8.5/gcc-8.3.0-opnwtdjumg2hxo4ljvnx77ugb6afmvj3/lib/../lib64 -L/storage/pace-apps/spack/packages/0.12/linux-rhel7-x86_64/gcc-4.8.5/gcc-8.3.0-opnwtdjumg2hxo4ljvnx77ugb6afmvj3/bin/../lib/gcc/x86_64-pc-linux-gnu/8.3.0/../../../../lib64 -L/lib/../lib64 -L/usr/lib/../lib64 -L/usr/local/pace-apps/spack/packages/0.13/linux-rhel7-x86_64/gcc-8.3.0/openblas-0.3.13-b2arkhk7rgnav574wcltqxblorppr6lu/lib -L/usr/local/pace-apps/spack/packages/0.13/linux-rhel7-x86_64/gcc-8.3.0/openmpi-3.1.6-bip3afu2wdayn3kpmokhxzy7k2bp2gwe/lib -L/usr/local/pace-apps/spack/packages/0.12/linux-rhel7-x86_64/gcc-4.8.5/gcc-8.3.0-opnwtdjumg2hxo4ljvnx77ugb6afmvj3/lib64 -L/usr/local/pace-apps/spack/packages/0.12/linux-rhel7-x86_64/gcc-4.8.5/gcc-8.3.0-opnwtdjumg2hxo4ljvnx77ugb6afmvj3/lib -L/usr/local/pace-apps/spack/packages/0.13/linux-rhel7-x86_64/gcc-4.8.5/perl-5.30.0-ofyzxrpltkdninb4g5szwtd3mapc7msa/lib -L/storage/pace-apps/spack/packages/0.12/linux-rhel7-x86_64/gcc-4.8.5/gcc-8.3.0-opnwtdjumg2hxo4ljvnx77ugb6afmvj3/bin/../lib/gcc/x86_64-pc-linux-gnu/8.3.0/../../.. CMakeFiles/cmTC_58805.dir/CMakeCXXCompilerABI.cpp.o -lstdc++ -lm -lgcc_s -lgcc -lc -lgcc_s -lgcc /usr/local/pace-apps/spack/packages/0.12/linux-rhel7-x86_64/gcc-4.8.5/gcc-8.3.0-opnwtdjumg2hxo4ljvnx77ugb6afmvj3/lib/gcc/x86_64-pc-linux-gnu/8.3.0/crtend.o /lib/../lib64/crtn.o
COLLECT_GCC_OPTIONS='-v' '-o' 'cmTC_58805' '-shared-libgcc' '-mtune=generic' '-march=x86-64'
gmake[1]: Leaving directory `/storage/coda1/p-mqureshi4/0/svittal8/gulliver/ftqc/quarch/CMakeFiles/CMakeTmp'



Parsed CXX implicit include dir info from above output: rv=done
  found start of include info
  found start of implicit include info
    add: [/usr/local/pace-apps/spack/packages/0.13/linux-rhel7-x86_64/gcc-8.3.0/openblas-0.3.13-b2arkhk7rgnav574wcltqxblorppr6lu/include]
    add: [/usr/local/pace-apps/spack/packages/0.13/linux-rhel7-x86_64/gcc-8.3.0/openmpi-3.1.6-bip3afu2wdayn3kpmokhxzy7k2bp2gwe/include]
    add: [/storage/pace-apps/spack/packages/0.12/linux-rhel7-x86_64/gcc-4.8.5/gcc-8.3.0-opnwtdjumg2hxo4ljvnx77ugb6afmvj3/bin/../lib/gcc/x86_64-pc-linux-gnu/8.3.0/../../../../include/c++/8.3.0]
    add: [/storage/pace-apps/spack/packages/0.12/linux-rhel7-x86_64/gcc-4.8.5/gcc-8.3.0-opnwtdjumg2hxo4ljvnx77ugb6afmvj3/bin/../lib/gcc/x86_64-pc-linux-gnu/8.3.0/../../../../include/c++/8.3.0/x86_64-pc-linux-gnu]
    add: [/storage/pace-apps/spack/packages/0.12/linux-rhel7-x86_64/gcc-4.8.5/gcc-8.3.0-opnwtdjumg2hxo4ljvnx77ugb6afmvj3/bin/../lib/gcc/x86_64-pc-linux-gnu/8.3.0/../../../../include/c++/8.3.0/backward]
    add: [/storage/pace-apps/spack/packages/0.12/linux-rhel7-x86_64/gcc-4.8.5/gcc-8.3.0-opnwtdjumg2hxo4ljvnx77ugb6afmvj3/bin/../lib/gcc/x86_64-pc-linux-gnu/8.3.0/include]
    add: [/storage/pace-apps/spack/packages/0.12/linux-rhel7-x86_64/gcc-4.8.5/gcc-8.3.0-opnwtdjumg2hxo4ljvnx77ugb6afmvj3/bin/../lib/gcc/x86_64-pc-linux-gnu/8.3.0/include-fixed]
    add: [/usr/local/include]
    add: [/storage/pace-apps/spack/packages/0.12/linux-rhel7-x86_64/gcc-4.8.5/gcc-8.3.0-opnwtdjumg2hxo4ljvnx77ugb6afmvj3/bin/../lib/gcc/../../include]
    add: [/usr/include]
  end of search list found
  collapse include dir [/usr/local/pace-apps/spack/packages/0.13/linux-rhel7-x86_64/gcc-8.3.0/openblas-0.3.13-b2arkhk7rgnav574wcltqxblorppr6lu/include] ==> [/usr/local/pace-apps/spack/packages/0.13/linux-rhel7-x86_64/gcc-8.3.0/openblas-0.3.13-b2arkhk7rgnav574wcltqxblorppr6lu/include]
  collapse include dir [/usr/local/pace-apps/spack/packages/0.13/linux-rhel7-x86_64/gcc-8.3.0/openmpi-3.1.6-bip3afu2wdayn3kpmokhxzy7k2bp2gwe/include] ==> [/usr/local/pace-apps/spack/packages/0.13/linux-rhel7-x86_64/gcc-8.3.0/openmpi-3.1.6-bip3afu2wdayn3kpmokhxzy7k2bp2gwe/include]
  collapse include dir [/storage/pace-apps/spack/packages/0.12/linux-rhel7-x86_64/gcc-4.8.5/gcc-8.3.0-opnwtdjumg2hxo4ljvnx77ugb6afmvj3/bin/../lib/gcc/x86_64-pc-linux-gnu/8.3.0/../../../../include/c++/8.3.0] ==> [/storage/pace-apps/spack/packages/0.12/linux-rhel7-x86_64/gcc-4.8.5/gcc-8.3.0-opnwtdjumg2hxo4ljvnx77ugb6afmvj3/include/c++/8.3.0]
  collapse include dir [/storage/pace-apps/spack/packages/0.12/linux-rhel7-x86_64/gcc-4.8.5/gcc-8.3.0-opnwtdjumg2hxo4ljvnx77ugb6afmvj3/bin/../lib/gcc/x86_64-pc-linux-gnu/8.3.0/../../../../include/c++/8.3.0/x86_64-pc-linux-gnu] ==> [/storage/pace-apps/spack/packages/0.12/linux-rhel7-x86_64/gcc-4.8.5/gcc-8.3.0-opnwtdjumg2hxo4ljvnx77ugb6afmvj3/include/c++/8.3.0/x86_64-pc-linux-gnu]
  collapse include dir [/storage/pace-apps/spack/packages/0.12/linux-rhel7-x86_64/gcc-4.8.5/gcc-8.3.0-opnwtdjumg2hxo4ljvnx77ugb6afmvj3/bin/../lib/gcc/x86_64-pc-linux-gnu/8.3.0/../../../../include/c++/8.3.0/backward] ==> [/storage/pace-apps/spack/packages/0.12/linux-rhel7-x86_64/gcc-4.8.5/gcc-8.3.0-opnwtdjumg2hxo4ljvnx77ugb6afmvj3/include/c++/8.3.0/backward]
  collapse include dir [/storage/pace-apps/spack/packages/0.12/linux-rhel7-x86_64/gcc-4.8.5/gcc-8.3.0-opnwtdjumg2hxo4ljvnx77ugb6afmvj3/bin/../lib/gcc/x86_64-pc-linux-gnu/8.3.0/include] ==> [/storage/pace-apps/spack/packages/0.12/linux-rhel7-x86_64/gcc-4.8.5/gcc-8.3.0-opnwtdjumg2hxo4ljvnx77ugb6afmvj3/lib/gcc/x86_64-pc-linux-gnu/8.3.0/include]
  collapse include dir [/storage/pace-apps/spack/packages/0.12/linux-rhel7-x86_64/gcc-4.8.5/gcc-8.3.0-opnwtdjumg2hxo4ljvnx77ugb6afmvj3/bin/../lib/gcc/x86_64-pc-linux-gnu/8.3.0/include-fixed] ==> [/storage/pace-apps/spack/packages/0.12/linux-rhel7-x86_64/gcc-4.8.5/gcc-8.3.0-opnwtdjumg2hxo4ljvnx77ugb6afmvj3/lib/gcc/x86_64-pc-linux-gnu/8.3.0/include-fixed]
  collapse include dir [/usr/local/include] ==> [/usr/local/include]
  collapse include dir [/storage/pace-apps/spack/packages/0.12/linux-rhel7-x86_64/gcc-4.8.5/gcc-8.3.0-opnwtdjumg2hxo4ljvnx77ugb6afmvj3/bin/../lib/gcc/../../include] ==> [/storage/pace-apps/spack/packages/0.12/linux-rhel7-x86_64/gcc-4.8.5/gcc-8.3.0-opnwtdjumg2hxo4ljvnx77ugb6afmvj3/include]
  collapse include dir [/usr/include] ==> [/usr/include]
  implicit include dirs: [/usr/local/pace-apps/spack/packages/0.13/linux-rhel7-x86_64/gcc-8.3.0/openblas-0.3.13-b2arkhk7rgnav574wcltqxblorppr6lu/include;/usr/local/pace-apps/spack/packages/0.13/linux-rhel7-x86_64/gcc-8.3.0/openmpi-3.1.6-bip3afu2wdayn3kpmokhxzy7k2bp2gwe/include;/storage/pace-apps/spack/packages/0.12/linux-rhel7-x86_64/gcc-4.8.5/gcc-8.3.0-opnwtdjumg2hxo4ljvnx77ugb6afmvj3/include/c++/8.3.0;/storage/pace-apps/spack/packages/0.12/linux-rhel7-x86_64/gcc-4.8.5/gcc-8.3.0-opnwtdjumg2hxo4ljvnx77ugb6afmvj3/include/c++/8.3.0/x86_64-pc-linux-gnu;/storage/pace-apps/spack/packages/0.12/linux-rhel7-x86_64/gcc-4.8.5/gcc-8.3.0-opnwtdjumg2hxo4ljvnx77ugb6afmvj3/include/c++/8.3.0/backward;/storage/pace-apps/spack/packages/0.12/linux-rhel7-x86_64/gcc-4.8.5/gcc-8.3.0-opnwtdjumg2hxo4ljvnx77ugb6afmvj3/lib/gcc/x86_64-pc-linux-gnu/8.3.0/include;/storage/pace-apps/spack/packages/0.12/linux-rhel7-x86_64/gcc-4.8.5/gcc-8.3.0-opnwtdjumg2hxo4ljvnx77ugb6afmvj3/lib/gcc/x86_64-pc-linux-gnu/8.3.0/include-fixed;/usr/local/include;/storage/pace-apps/spack/packages/0.12/linux-rhel7-x86_64/gcc-4.8.5/gcc-8.3.0-opnwtdjumg2hxo4ljvnx77ugb6afmvj3/include;/usr/include]


Parsed CXX implicit link information from above output:
  link line regex: [^( *|.*[/\])(ld|CMAKE_LINK_STARTFILE-NOTFOUND|([^/\]+-)?ld|collect2)[^/\]*( |$)]
  ignore line: [Change Dir: /storage/coda1/p-mqureshi4/0/svittal8/gulliver/ftqc/quarch/CMakeFiles/CMakeTmp]
  ignore line: []
  ignore line: [Run Build Command(s):/usr/bin/gmake -f Makefile cmTC_58805/fast && /usr/bin/gmake  -f CMakeFiles/cmTC_58805.dir/build.make CMakeFiles/cmTC_58805.dir/build]
  ignore line: [gmake[1]: Entering directory `/storage/coda1/p-mqureshi4/0/svittal8/gulliver/ftqc/quarch/CMakeFiles/CMakeTmp']
  ignore line: [Building CXX object CMakeFiles/cmTC_58805.dir/CMakeCXXCompilerABI.cpp.o]
  ignore line: [/usr/local/pace-apps/spack/packages/0.12/linux-rhel7-x86_64/gcc-4.8.5/gcc-8.3.0-opnwtdjumg2hxo4ljvnx77ugb6afmvj3/bin/g++   -v -o CMakeFiles/cmTC_58805.dir/CMakeCXXCompilerABI.cpp.o -c /storage/pace-apps/spack/packages/0.13/linux-rhel7-x86_64/gcc-4.8.5/cmake-3.20.3-xf4af7k6rjgmzfa7mpqxejafub62t5ty/share/cmake-3.20/Modules/CMakeCXXCompilerABI.cpp]
  ignore line: [Reading specs from /usr/local/pace-apps/spack/packages/0.12/linux-rhel7-x86_64/gcc-4.8.5/gcc-8.3.0-opnwtdjumg2hxo4ljvnx77ugb6afmvj3/lib/gcc/x86_64-pc-linux-gnu/8.3.0/specs]
  ignore line: [COLLECT_GCC=/usr/local/pace-apps/spack/packages/0.12/linux-rhel7-x86_64/gcc-4.8.5/gcc-8.3.0-opnwtdjumg2hxo4ljvnx77ugb6afmvj3/bin/g++]
  ignore line: [Target: x86_64-pc-linux-gnu]
  ignore line: [Configured with: /usr/local/pace-apps/spack/root/0.12/4b400d5/var/spack/stage/gcc-8.3.0-opnwtdjumg2hxo4ljvnx77ugb6afmvj3/spack-src/configure --prefix=/usr/local/pace-apps/spack/packages/0.12/linux-rhel7-x86_64/gcc-4.8.5/gcc-8.3.0-opnwtdjumg2hxo4ljvnx77ugb6afmvj3 --disable-multilib --enable-languages=c c++ fortran --with-mpfr=/usr/local/pace-apps/spack/packages/0.12/linux-rhel7-x86_64/gcc-4.8.5/mpfr-3.1.6-vwx7snyrzymeg5n6f7dg5tbpgk35do3k --with-gmp=/usr/local/pace-apps/spack/packages/0.12/linux-rhel7-x86_64/gcc-4.8.5/gmp-6.1.2-5odxtlxihbfjtj4dxo52oz5f7r6ir6jk --enable-lto --with-quad --with-system-zlib --with-mpc=/usr/local/pace-apps/spack/packages/0.12/linux-rhel7-x86_64/gcc-4.8.5/mpc-1.1.0-pogagquauxex67doa7v2mkas2gcs5xut --with-isl=/usr/local/pace-apps/spack/packages/0.12/linux-rhel7-x86_64/gcc-4.8.5/isl-0.18-3wslknueis6r2nx3tasaizgda2ianxfa]
  ignore line: [Thread model: posix]
  ignore line: [gcc version 8.3.0 (GCC) ]
  ignore line: [COLLECT_GCC_OPTIONS='-v' '-o' 'CMakeFiles/cmTC_58805.dir/CMakeCXXCompilerABI.cpp.o' '-c' '-shared-libgcc' '-mtune=generic' '-march=x86-64']
  ignore line: [ /usr/local/pace-apps/spack/packages/0.12/linux-rhel7-x86_64/gcc-4.8.5/gcc-8.3.0-opnwtdjumg2hxo4ljvnx77ugb6afmvj3/libexec/gcc/x86_64-pc-linux-gnu/8.3.0/cc1plus -quiet -v -iprefix /storage/pace-apps/spack/packages/0.12/linux-rhel7-x86_64/gcc-4.8.5/gcc-8.3.0-opnwtdjumg2hxo4ljvnx77ugb6afmvj3/bin/../lib/gcc/x86_64-pc-linux-gnu/8.3.0/ -D_GNU_SOURCE /storage/pace-apps/spack/packages/0.13/linux-rhel7-x86_64/gcc-4.8.5/cmake-3.20.3-xf4af7k6rjgmzfa7mpqxejafub62t5ty/share/cmake-3.20/Modules/CMakeCXXCompilerABI.cpp -quiet -dumpbase CMakeCXXCompilerABI.cpp -mtune=generic -march=x86-64 -auxbase-strip CMakeFiles/cmTC_58805.dir/CMakeCXXCompilerABI.cpp.o -version -o /tmp/ccZkJzcA.s]
  ignore line: [GNU C++14 (GCC) version 8.3.0 (x86_64-pc-linux-gnu)]
  ignore line: [	compiled by GNU C version 8.3.0  GMP version 6.1.2  MPFR version 3.1.6-p2  MPC version 1.1.0  isl version isl-0.18-GMP]
  ignore line: []
  ignore line: [GGC heuristics: --param ggc-min-expand=100 --param ggc-min-heapsize=131072]
  ignore line: [ignoring nonexistent directory "/storage/pace-apps/spack/packages/0.12/linux-rhel7-x86_64/gcc-4.8.5/gcc-8.3.0-opnwtdjumg2hxo4ljvnx77ugb6afmvj3/bin/../lib/gcc/x86_64-pc-linux-gnu/8.3.0/../../../../x86_64-pc-linux-gnu/include"]
  ignore line: [ignoring duplicate directory "/storage/pace-apps/spack/packages/0.12/linux-rhel7-x86_64/gcc-4.8.5/gcc-8.3.0-opnwtdjumg2hxo4ljvnx77ugb6afmvj3/bin/../lib/gcc/../../lib/gcc/x86_64-pc-linux-gnu/8.3.0/../../../../include/c++/8.3.0"]
  ignore line: [ignoring duplicate directory "/storage/pace-apps/spack/packages/0.12/linux-rhel7-x86_64/gcc-4.8.5/gcc-8.3.0-opnwtdjumg2hxo4ljvnx77ugb6afmvj3/bin/../lib/gcc/../../lib/gcc/x86_64-pc-linux-gnu/8.3.0/../../../../include/c++/8.3.0/x86_64-pc-linux-gnu"]
  ignore line: [ignoring duplicate directory "/storage/pace-apps/spack/packages/0.12/linux-rhel7-x86_64/gcc-4.8.5/gcc-8.3.0-opnwtdjumg2hxo4ljvnx77ugb6afmvj3/bin/../lib/gcc/../../lib/gcc/x86_64-pc-linux-gnu/8.3.0/../../../../include/c++/8.3.0/backward"]
  ignore line: [ignoring duplicate directory "/storage/pace-apps/spack/packages/0.12/linux-rhel7-x86_64/gcc-4.8.5/gcc-8.3.0-opnwtdjumg2hxo4ljvnx77ugb6afmvj3/bin/../lib/gcc/../../lib/gcc/x86_64-pc-linux-gnu/8.3.0/include"]
  ignore line: [ignoring duplicate directory "/storage/pace-apps/spack/packages/0.12/linux-rhel7-x86_64/gcc-4.8.5/gcc-8.3.0-opnwtdjumg2hxo4ljvnx77ugb6afmvj3/bin/../lib/gcc/../../lib/gcc/x86_64-pc-linux-gnu/8.3.0/include-fixed"]
  ignore line: [ignoring nonexistent directory "/storage/pace-apps/spack/packages/0.12/linux-rhel7-x86_64/gcc-4.8.5/gcc-8.3.0-opnwtdjumg2hxo4ljvnx77ugb6afmvj3/bin/../lib/gcc/../../lib/gcc/x86_64-pc-linux-gnu/8.3.0/../../../../x86_64-pc-linux-gnu/include"]
  ignore line: [ignoring duplicate directory "/usr/local/pace-apps/spack/packages/0.12/linux-rhel7-x86_64/gcc-4.8.5/gcc-8.3.0-opnwtdjumg2hxo4ljvnx77ugb6afmvj3/include"]
  ignore line: [  as it is a non-system directory that duplicates a system directory]
  ignore line: [#include "..." search starts here:]
  ignore line: [#include <...> search starts here:]
  ignore line: [ /usr/local/pace-apps/spack/packages/0.13/linux-rhel7-x86_64/gcc-8.3.0/openblas-0.3.13-b2arkhk7rgnav574wcltqxblorppr6lu/include]
  ignore line: [ /usr/local/pace-apps/spack/packages/0.13/linux-rhel7-x86_64/gcc-8.3.0/openmpi-3.1.6-bip3afu2wdayn3kpmokhxzy7k2bp2gwe/include]
  ignore line: [ /storage/pace-apps/spack/packages/0.12/linux-rhel7-x86_64/gcc-4.8.5/gcc-8.3.0-opnwtdjumg2hxo4ljvnx77ugb6afmvj3/bin/../lib/gcc/x86_64-pc-linux-gnu/8.3.0/../../../../include/c++/8.3.0]
  ignore line: [ /storage/pace-apps/spack/packages/0.12/linux-rhel7-x86_64/gcc-4.8.5/gcc-8.3.0-opnwtdjumg2hxo4ljvnx77ugb6afmvj3/bin/../lib/gcc/x86_64-pc-linux-gnu/8.3.0/../../../../include/c++/8.3.0/x86_64-pc-linux-gnu]
  ignore line: [ /storage/pace-apps/spack/packages/0.12/linux-rhel7-x86_64/gcc-4.8.5/gcc-8.3.0-opnwtdjumg2hxo4ljvnx77ugb6afmvj3/bin/../lib/gcc/x86_64-pc-linux-gnu/8.3.0/../../../../include/c++/8.3.0/backward]
  ignore line: [ /storage/pace-apps/spack/packages/0.12/linux-rhel7-x86_64/gcc-4.8.5/gcc-8.3.0-opnwtdjumg2hxo4ljvnx77ugb6afmvj3/bin/../lib/gcc/x86_64-pc-linux-gnu/8.3.0/include]
  ignore line: [ /storage/pace-apps/spack/packages/0.12/linux-rhel7-x86_64/gcc-4.8.5/gcc-8.3.0-opnwtdjumg2hxo4ljvnx77ugb6afmvj3/bin/../lib/gcc/x86_64-pc-linux-gnu/8.3.0/include-fixed]
  ignore line: [ /usr/local/include]
  ignore line: [ /storage/pace-apps/spack/packages/0.12/linux-rhel7-x86_64/gcc-4.8.5/gcc-8.3.0-opnwtdjumg2hxo4ljvnx77ugb6afmvj3/bin/../lib/gcc/../../include]
  ignore line: [ /usr/include]
  ignore line: [End of search list.]
  ignore line: [GNU C++14 (GCC) version 8.3.0 (x86_64-pc-linux-gnu)]
  ignore line: [	compiled by GNU C version 8.3.0  GMP version 6.1.2  MPFR version 3.1.6-p2  MPC version 1.1.0  isl version isl-0.18-GMP]
  ignore line: []
  ignore line: [GGC heuristics: --param ggc-min-expand=100 --param ggc-min-heapsize=131072]
  ignore line: [Compiler executable checksum: b2a80fefef08c3877ca94b245b785da0]
  ignore line: [COLLECT_GCC_OPTIONS='-v' '-o' 'CMakeFiles/cmTC_58805.dir/CMakeCXXCompilerABI.cpp.o' '-c' '-shared-libgcc' '-mtune=generic' '-march=x86-64']
  ignore line: [ as -v --64 -o CMakeFiles/cmTC_58805.dir/CMakeCXXCompilerABI.cpp.o /tmp/ccZkJzcA.s]
  ignore line: [GNU assembler version 2.27 (x86_64-redhat-linux) using BFD version version 2.27-44.base.el7_9.1]
  ignore line: [COMPILER_PATH=/usr/local/pace-apps/spack/packages/0.12/linux-rhel7-x86_64/gcc-4.8.5/gcc-8.3.0-opnwtdjumg2hxo4ljvnx77ugb6afmvj3/libexec/gcc/x86_64-pc-linux-gnu/8.3.0/:/usr/local/pace-apps/spack/packages/0.12/linux-rhel7-x86_64/gcc-4.8.5/gcc-8.3.0-opnwtdjumg2hxo4ljvnx77ugb6afmvj3/libexec/gcc/:/usr/local/pace-apps/manual/packages/xalt/2.8.4/bin/]
  ignore line: [LIBRARY_PATH=/usr/local/pace-apps/spack/packages/0.12/linux-rhel7-x86_64/gcc-4.8.5/gcc-8.3.0-opnwtdjumg2hxo4ljvnx77ugb6afmvj3/lib/gcc/x86_64-pc-linux-gnu/8.3.0/:/usr/local/pace-apps/spack/packages/0.12/linux-rhel7-x86_64/gcc-4.8.5/gcc-8.3.0-opnwtdjumg2hxo4ljvnx77ugb6afmvj3/lib/gcc/:/usr/local/pace-apps/spack/packages/0.12/linux-rhel7-x86_64/gcc-4.8.5/gcc-8.3.0-opnwtdjumg2hxo4ljvnx77ugb6afmvj3/lib64/../lib64/:/usr/local/pace-apps/spack/packages/0.12/linux-rhel7-x86_64/gcc-4.8.5/gcc-8.3.0-opnwtdjumg2hxo4ljvnx77ugb6afmvj3/lib/../lib64/:/storage/pace-apps/spack/packages/0.12/linux-rhel7-x86_64/gcc-4.8.5/gcc-8.3.0-opnwtdjumg2hxo4ljvnx77ugb6afmvj3/bin/../lib/gcc/x86_64-pc-linux-gnu/8.3.0/../../../../lib64/:/lib/../lib64/:/usr/lib/../lib64/:/usr/local/pace-apps/spack/packages/0.13/linux-rhel7-x86_64/gcc-8.3.0/openblas-0.3.13-b2arkhk7rgnav574wcltqxblorppr6lu/lib/:/usr/local/pace-apps/spack/packages/0.13/linux-rhel7-x86_64/gcc-8.3.0/openmpi-3.1.6-bip3afu2wdayn3kpmokhxzy7k2bp2gwe/lib/:/usr/local/pace-apps/spack/packages/0.12/linux-rhel7-x86_64/gcc-4.8.5/gcc-8.3.0-opnwtdjumg2hxo4ljvnx77ugb6afmvj3/lib64/:/usr/local/pace-apps/spack/packages/0.12/linux-rhel7-x86_64/gcc-4.8.5/gcc-8.3.0-opnwtdjumg2hxo4ljvnx77ugb6afmvj3/lib/:/usr/local/pace-apps/spack/packages/0.13/linux-rhel7-x86_64/gcc-4.8.5/perl-5.30.0-ofyzxrpltkdninb4g5szwtd3mapc7msa/lib/:/storage/pace-apps/spack/packages/0.12/linux-rhel7-x86_64/gcc-4.8.5/gcc-8.3.0-opnwtdjumg2hxo4ljvnx77ugb6afmvj3/bin/../lib/gcc/x86_64-pc-linux-gnu/8.3.0/../../../:/lib/:/usr/lib/]
  ignore line: [COLLECT_GCC_OPTIONS='-v' '-o' 'CMakeFiles/cmTC_58805.dir/CMakeCXXCompilerABI.cpp.o' '-c' '-shared-libgcc' '-mtune=generic' '-march=x86-64']
  ignore line: [Linking CXX executable cmTC_58805]
  ignore line: [/storage/pace-apps/spack/packages/0.13/linux-rhel7-x86_64/gcc-4.8.5/cmake-3.20.3-xf4af7k6rjgmzfa7mpqxejafub62t5ty/bin/cmake -E cmake_link_script CMakeFiles/cmTC_58805.dir/link.txt --verbose=1]
  ignore line: [/usr/local/pace-apps/spack/packages/0.12/linux-rhel7-x86_64/gcc-4.8.5/gcc-8.3.0-opnwtdjumg2hxo4ljvnx77ugb6afmvj3/bin/g++  -v CMakeFiles/cmTC_58805.dir/CMakeCXXCompilerABI.cpp.o -o cmTC_58805 ]
  ignore line: [Reading specs from /usr/local/pace-apps/spack/packages/0.12/linux-rhel7-x86_64/gcc-4.8.5/gcc-8.3.0-opnwtdjumg2hxo4ljvnx77ugb6afmvj3/lib/gcc/x86_64-pc-linux-gnu/8.3.0/specs]
  ignore line: [COLLECT_GCC=/usr/local/pace-apps/spack/packages/0.12/linux-rhel7-x86_64/gcc-4.8.5/gcc-8.3.0-opnwtdjumg2hxo4ljvnx77ugb6afmvj3/bin/g++]
  ignore line: [COLLECT_LTO_WRAPPER=/usr/local/pace-apps/spack/packages/0.12/linux-rhel7-x86_64/gcc-4.8.5/gcc-8.3.0-opnwtdjumg2hxo4ljvnx77ugb6afmvj3/libexec/gcc/x86_64-pc-linux-gnu/8.3.0/lto-wrapper]
  ignore line: [Target: x86_64-pc-linux-gnu]
  ignore line: [Configured with: /usr/local/pace-apps/spack/root/0.12/4b400d5/var/spack/stage/gcc-8.3.0-opnwtdjumg2hxo4ljvnx77ugb6afmvj3/spack-src/configure --prefix=/usr/local/pace-apps/spack/packages/0.12/linux-rhel7-x86_64/gcc-4.8.5/gcc-8.3.0-opnwtdjumg2hxo4ljvnx77ugb6afmvj3 --disable-multilib --enable-languages=c c++ fortran --with-mpfr=/usr/local/pace-apps/spack/packages/0.12/linux-rhel7-x86_64/gcc-4.8.5/mpfr-3.1.6-vwx7snyrzymeg5n6f7dg5tbpgk35do3k --with-gmp=/usr/local/pace-apps/spack/packages/0.12/linux-rhel7-x86_64/gcc-4.8.5/gmp-6.1.2-5odxtlxihbfjtj4dxo52oz5f7r6ir6jk --enable-lto --with-quad --with-system-zlib --with-mpc=/usr/local/pace-apps/spack/packages/0.12/linux-rhel7-x86_64/gcc-4.8.5/mpc-1.1.0-pogagquauxex67doa7v2mkas2gcs5xut --with-isl=/usr/local/pace-apps/spack/packages/0.12/linux-rhel7-x86_64/gcc-4.8.5/isl-0.18-3wslknueis6r2nx3tasaizgda2ianxfa]
  ignore line: [Thread model: posix]
  ignore line: [gcc version 8.3.0 (GCC) ]
  ignore line: [COMPILER_PATH=/usr/local/pace-apps/spack/packages/0.12/linux-rhel7-x86_64/gcc-4.8.5/gcc-8.3.0-opnwtdjumg2hxo4ljvnx77ugb6afmvj3/libexec/gcc/x86_64-pc-linux-gnu/8.3.0/:/usr/local/pace-apps/spack/packages/0.12/linux-rhel7-x86_64/gcc-4.8.5/gcc-8.3.0-opnwtdjumg2hxo4ljvnx77ugb6afmvj3/libexec/gcc/:/usr/local/pace-apps/manual/packages/xalt/2.8.4/bin/]
  ignore line: [LIBRARY_PATH=/usr/local/pace-apps/spack/packages/0.12/linux-rhel7-x86_64/gcc-4.8.5/gcc-8.3.0-opnwtdjumg2hxo4ljvnx77ugb6afmvj3/lib/gcc/x86_64-pc-linux-gnu/8.3.0/:/usr/local/pace-apps/spack/packages/0.12/linux-rhel7-x86_64/gcc-4.8.5/gcc-8.3.0-opnwtdjumg2hxo4ljvnx77ugb6afmvj3/lib/gcc/:/usr/local/pace-apps/spack/packages/0.12/linux-rhel7-x86_64/gcc-4.8.5/gcc-8.3.0-opnwtdjumg2hxo4ljvnx77ugb6afmvj3/lib64/../lib64/:/usr/local/pace-apps/spack/packages/0.12/linux-rhel7-x86_64/gcc-4.8.5/gcc-8.3.0-opnwtdjumg2hxo4ljvnx77ugb6afmvj3/lib/../lib64/:/storage/pace-apps/spack/packages/0.12/linux-rhel7-x86_64/gcc-4.8.5/gcc-8.3.0-opnwtdjumg2hxo4ljvnx77ugb6afmvj3/bin/../lib/gcc/x86_64-pc-linux-gnu/8.3.0/../../../../lib64/:/lib/../lib64/:/usr/lib/../lib64/:/usr/local/pace-apps/spack/packages/0.13/linux-rhel7-x86_64/gcc-8.3.0/openblas-0.3.13-b2arkhk7rgnav574wcltqxblorppr6lu/lib/:/usr/local/pace-apps/spack/packages/0.13/linux-rhel7-x86_64/gcc-8.3.0/openmpi-3.1.6-bip3afu2wdayn3kpmokhxzy7k2bp2gwe/lib/:/usr/local/pace-apps/spack/packages/0.12/linux-rhel7-x86_64/gcc-4.8.5/gcc-8.3.0-opnwtdjumg2hxo4ljvnx77ugb6afmvj3/lib64/:/usr/local/pace-apps/spack/packages/0.12/linux-rhel7-x86_64/gcc-4.8.5/gcc-8.3.0-opnwtdjumg2hxo4ljvnx77ugb6afmvj3/lib/:/usr/local/pace-apps/spack/packages/0.13/linux-rhel7-x86_64/gcc-4.8.5/perl-5.30.0-ofyzxrpltkdninb4g5szwtd3mapc7msa/lib/:/storage/pace-apps/spack/packages/0.12/linux-rhel7-x86_64/gcc-4.8.5/gcc-8.3.0-opnwtdjumg2hxo4ljvnx77ugb6afmvj3/bin/../lib/gcc/x86_64-pc-linux-gnu/8.3.0/../../../:/lib/:/usr/lib/]
  ignore line: [COLLECT_GCC_OPTIONS='-v' '-o' 'cmTC_58805' '-shared-libgcc' '-mtune=generic' '-march=x86-64']
  link line: [ /usr/local/pace-apps/spack/packages/0.12/linux-rhel7-x86_64/gcc-4.8.5/gcc-8.3.0-opnwtdjumg2hxo4ljvnx77ugb6afmvj3/libexec/gcc/x86_64-pc-linux-gnu/8.3.0/collect2 -plugin /usr/local/pace-apps/spack/packages/0.12/linux-rhel7-x86_64/gcc-4.8.5/gcc-8.3.0-opnwtdjumg2hxo4ljvnx77ugb6afmvj3/libexec/gcc/x86_64-pc-linux-gnu/8.3.0/liblto_plugin.so -plugin-opt=/usr/local/pace-apps/spack/packages/0.12/linux-rhel7-x86_64/gcc-4.8.5/gcc-8.3.0-opnwtdjumg2hxo4ljvnx77ugb6afmvj3/libexec/gcc/x86_64-pc-linux-gnu/8.3.0/lto-wrapper -plugin-opt=-fresolution=/tmp/ccWtDYJC.res -plugin-opt=-pass-through=-lgcc_s -plugin-opt=-pass-through=-lgcc -plugin-opt=-pass-through=-lc -plugin-opt=-pass-through=-lgcc_s -plugin-opt=-pass-through=-lgcc -rpath /usr/local/pace-apps/spack/packages/0.12/linux-rhel7-x86_64/gcc-4.8.5/gcc-8.3.0-opnwtdjumg2hxo4ljvnx77ugb6afmvj3/lib:/usr/local/pace-apps/spack/packages/0.12/linux-rhel7-x86_64/gcc-4.8.5/gcc-8.3.0-opnwtdjumg2hxo4ljvnx77ugb6afmvj3/lib64 --eh-frame-hdr -m elf_x86_64 -dynamic-linker /lib64/ld-linux-x86-64.so.2 -o cmTC_58805 /lib/../lib64/crt1.o /lib/../lib64/crti.o /usr/local/pace-apps/spack/packages/0.12/linux-rhel7-x86_64/gcc-4.8.5/gcc-8.3.0-opnwtdjumg2hxo4ljvnx77ugb6afmvj3/lib/gcc/x86_64-pc-linux-gnu/8.3.0/crtbegin.o -L/usr/local/pace-apps/spack/packages/0.12/linux-rhel7-x86_64/gcc-4.8.5/gcc-8.3.0-opnwtdjumg2hxo4ljvnx77ugb6afmvj3/lib/gcc/x86_64-pc-linux-gnu/8.3.0 -L/usr/local/pace-apps/spack/packages/0.12/linux-rhel7-x86_64/gcc-4.8.5/gcc-8.3.0-opnwtdjumg2hxo4ljvnx77ugb6afmvj3/lib/gcc -L/usr/local/pace-apps/spack/packages/0.12/linux-rhel7-x86_64/gcc-4.8.5/gcc-8.3.0-opnwtdjumg2hxo4ljvnx77ugb6afmvj3/lib64/../lib64 -L/usr/local/pace-apps/spack/packages/0.12/linux-rhel7-x86_64/gcc-4.8.5/gcc-8.3.0-opnwtdjumg2hxo4ljvnx77ugb6afmvj3/lib/../lib64 -L/storage/pace-apps/spack/packages/0.12/linux-rhel7-x86_64/gcc-4.8.5/gcc-8.3.0-opnwtdjumg2hxo4ljvnx77ugb6afmvj3/bin/../lib/gcc/x86_64-pc-linux-gnu/8.3.0/../../../../lib64 -L/lib/../lib64 -L/usr/lib/../lib64 -L/usr/local/pace-apps/spack/packages/0.13/linux-rhel7-x86_64/gcc-8.3.0/openblas-0.3.13-b2arkhk7rgnav574wcltqxblorppr6lu/lib -L/usr/local/pace-apps/spack/packages/0.13/linux-rhel7-x86_64/gcc-8.3.0/openmpi-3.1.6-bip3afu2wdayn3kpmokhxzy7k2bp2gwe/lib -L/usr/local/pace-apps/spack/packages/0.12/linux-rhel7-x86_64/gcc-4.8.5/gcc-8.3.0-opnwtdjumg2hxo4ljvnx77ugb6afmvj3/lib64 -L/usr/local/pace-apps/spack/packages/0.12/linux-rhel7-x86_64/gcc-4.8.5/gcc-8.3.0-opnwtdjumg2hxo4ljvnx77ugb6afmvj3/lib -L/usr/local/pace-apps/spack/packages/0.13/linux-rhel7-x86_64/gcc-4.8.5/perl-5.30.0-ofyzxrpltkdninb4g5szwtd3mapc7msa/lib -L/storage/pace-apps/spack/packages/0.12/linux-rhel7-x86_64/gcc-4.8.5/gcc-8.3.0-opnwtdjumg2hxo4ljvnx77ugb6afmvj3/bin/../lib/gcc/x86_64-pc-linux-gnu/8.3.0/../../.. CMakeFiles/cmTC_58805.dir/CMakeCXXCompilerABI.cpp.o -lstdc++ -lm -lgcc_s -lgcc -lc -lgcc_s -lgcc /usr/local/pace-apps/spack/packages/0.12/linux-rhel7-x86_64/gcc-4.8.5/gcc-8.3.0-opnwtdjumg2hxo4ljvnx77ugb6afmvj3/lib/gcc/x86_64-pc-linux-gnu/8.3.0/crtend.o /lib/../lib64/crtn.o]
    arg [/usr/local/pace-apps/spack/packages/0.12/linux-rhel7-x86_64/gcc-4.8.5/gcc-8.3.0-opnwtdjumg2hxo4ljvnx77ugb6afmvj3/libexec/gcc/x86_64-pc-linux-gnu/8.3.0/collect2] ==> ignore
    arg [-plugin] ==> ignore
    arg [/usr/local/pace-apps/spack/packages/0.12/linux-rhel7-x86_64/gcc-4.8.5/gcc-8.3.0-opnwtdjumg2hxo4ljvnx77ugb6afmvj3/libexec/gcc/x86_64-pc-linux-gnu/8.3.0/liblto_plugin.so] ==> ignore
    arg [-plugin-opt=/usr/local/pace-apps/spack/packages/0.12/linux-rhel7-x86_64/gcc-4.8.5/gcc-8.3.0-opnwtdjumg2hxo4ljvnx77ugb6afmvj3/libexec/gcc/x86_64-pc-linux-gnu/8.3.0/lto-wrapper] ==> ignore
    arg [-plugin-opt=-fresolution=/tmp/ccWtDYJC.res] ==> ignore
    arg [-plugin-opt=-pass-through=-lgcc_s] ==> ignore
    arg [-plugin-opt=-pass-through=-lgcc] ==> ignore
    arg [-plugin-opt=-pass-through=-lc] ==> ignore
    arg [-plugin-opt=-pass-through=-lgcc_s] ==> ignore
    arg [-plugin-opt=-pass-through=-lgcc] ==> ignore
    arg [-rpath] ==> ignore
    arg [/usr/local/pace-apps/spack/packages/0.12/linux-rhel7-x86_64/gcc-4.8.5/gcc-8.3.0-opnwtdjumg2hxo4ljvnx77ugb6afmvj3/lib:/usr/local/pace-apps/spack/packages/0.12/linux-rhel7-x86_64/gcc-4.8.5/gcc-8.3.0-opnwtdjumg2hxo4ljvnx77ugb6afmvj3/lib64] ==> ignore
    arg [--eh-frame-hdr] ==> ignore
    arg [-m] ==> ignore
    arg [elf_x86_64] ==> ignore
    arg [-dynamic-linker] ==> ignore
    arg [/lib64/ld-linux-x86-64.so.2] ==> ignore
    arg [-o] ==> ignore
    arg [cmTC_58805] ==> ignore
    arg [/lib/../lib64/crt1.o] ==> obj [/lib/../lib64/crt1.o]
    arg [/lib/../lib64/crti.o] ==> obj [/lib/../lib64/crti.o]
    arg [/usr/local/pace-apps/spack/packages/0.12/linux-rhel7-x86_64/gcc-4.8.5/gcc-8.3.0-opnwtdjumg2hxo4ljvnx77ugb6afmvj3/lib/gcc/x86_64-pc-linux-gnu/8.3.0/crtbegin.o] ==> obj [/usr/local/pace-apps/spack/packages/0.12/linux-rhel7-x86_64/gcc-4.8.5/gcc-8.3.0-opnwtdjumg2hxo4ljvnx77ugb6afmvj3/lib/gcc/x86_64-pc-linux-gnu/8.3.0/crtbegin.o]
    arg [-L/usr/local/pace-apps/spack/packages/0.12/linux-rhel7-x86_64/gcc-4.8.5/gcc-8.3.0-opnwtdjumg2hxo4ljvnx77ugb6afmvj3/lib/gcc/x86_64-pc-linux-gnu/8.3.0] ==> dir [/usr/local/pace-apps/spack/packages/0.12/linux-rhel7-x86_64/gcc-4.8.5/gcc-8.3.0-opnwtdjumg2hxo4ljvnx77ugb6afmvj3/lib/gcc/x86_64-pc-linux-gnu/8.3.0]
    arg [-L/usr/local/pace-apps/spack/packages/0.12/linux-rhel7-x86_64/gcc-4.8.5/gcc-8.3.0-opnwtdjumg2hxo4ljvnx77ugb6afmvj3/lib/gcc] ==> dir [/usr/local/pace-apps/spack/packages/0.12/linux-rhel7-x86_64/gcc-4.8.5/gcc-8.3.0-opnwtdjumg2hxo4ljvnx77ugb6afmvj3/lib/gcc]
    arg [-L/usr/local/pace-apps/spack/packages/0.12/linux-rhel7-x86_64/gcc-4.8.5/gcc-8.3.0-opnwtdjumg2hxo4ljvnx77ugb6afmvj3/lib64/../lib64] ==> dir [/usr/local/pace-apps/spack/packages/0.12/linux-rhel7-x86_64/gcc-4.8.5/gcc-8.3.0-opnwtdjumg2hxo4ljvnx77ugb6afmvj3/lib64/../lib64]
    arg [-L/usr/local/pace-apps/spack/packages/0.12/linux-rhel7-x86_64/gcc-4.8.5/gcc-8.3.0-opnwtdjumg2hxo4ljvnx77ugb6afmvj3/lib/../lib64] ==> dir [/usr/local/pace-apps/spack/packages/0.12/linux-rhel7-x86_64/gcc-4.8.5/gcc-8.3.0-opnwtdjumg2hxo4ljvnx77ugb6afmvj3/lib/../lib64]
    arg [-L/storage/pace-apps/spack/packages/0.12/linux-rhel7-x86_64/gcc-4.8.5/gcc-8.3.0-opnwtdjumg2hxo4ljvnx77ugb6afmvj3/bin/../lib/gcc/x86_64-pc-linux-gnu/8.3.0/../../../../lib64] ==> dir [/storage/pace-apps/spack/packages/0.12/linux-rhel7-x86_64/gcc-4.8.5/gcc-8.3.0-opnwtdjumg2hxo4ljvnx77ugb6afmvj3/bin/../lib/gcc/x86_64-pc-linux-gnu/8.3.0/../../../../lib64]
    arg [-L/lib/../lib64] ==> dir [/lib/../lib64]
    arg [-L/usr/lib/../lib64] ==> dir [/usr/lib/../lib64]
    arg [-L/usr/local/pace-apps/spack/packages/0.13/linux-rhel7-x86_64/gcc-8.3.0/openblas-0.3.13-b2arkhk7rgnav574wcltqxblorppr6lu/lib] ==> dir [/usr/local/pace-apps/spack/packages/0.13/linux-rhel7-x86_64/gcc-8.3.0/openblas-0.3.13-b2arkhk7rgnav574wcltqxblorppr6lu/lib]
    arg [-L/usr/local/pace-apps/spack/packages/0.13/linux-rhel7-x86_64/gcc-8.3.0/openmpi-3.1.6-bip3afu2wdayn3kpmokhxzy7k2bp2gwe/lib] ==> dir [/usr/local/pace-apps/spack/packages/0.13/linux-rhel7-x86_64/gcc-8.3.0/openmpi-3.1.6-bip3afu2wdayn3kpmokhxzy7k2bp2gwe/lib]
    arg [-L/usr/local/pace-apps/spack/packages/0.12/linux-rhel7-x86_64/gcc-4.8.5/gcc-8.3.0-opnwtdjumg2hxo4ljvnx77ugb6afmvj3/lib64] ==> dir [/usr/local/pace-apps/spack/packages/0.12/linux-rhel7-x86_64/gcc-4.8.5/gcc-8.3.0-opnwtdjumg2hxo4ljvnx77ugb6afmvj3/lib64]
    arg [-L/usr/local/pace-apps/spack/packages/0.12/linux-rhel7-x86_64/gcc-4.8.5/gcc-8.3.0-opnwtdjumg2hxo4ljvnx77ugb6afmvj3/lib] ==> dir [/usr/local/pace-apps/spack/packages/0.12/linux-rhel7-x86_64/gcc-4.8.5/gcc-8.3.0-opnwtdjumg2hxo4ljvnx77ugb6afmvj3/lib]
    arg [-L/usr/local/pace-apps/spack/packages/0.13/linux-rhel7-x86_64/gcc-4.8.5/perl-5.30.0-ofyzxrpltkdninb4g5szwtd3mapc7msa/lib] ==> dir [/usr/local/pace-apps/spack/packages/0.13/linux-rhel7-x86_64/gcc-4.8.5/perl-5.30.0-ofyzxrpltkdninb4g5szwtd3mapc7msa/lib]
    arg [-L/storage/pace-apps/spack/packages/0.12/linux-rhel7-x86_64/gcc-4.8.5/gcc-8.3.0-opnwtdjumg2hxo4ljvnx77ugb6afmvj3/bin/../lib/gcc/x86_64-pc-linux-gnu/8.3.0/../../..] ==> dir [/storage/pace-apps/spack/packages/0.12/linux-rhel7-x86_64/gcc-4.8.5/gcc-8.3.0-opnwtdjumg2hxo4ljvnx77ugb6afmvj3/bin/../lib/gcc/x86_64-pc-linux-gnu/8.3.0/../../..]
    arg [CMakeFiles/cmTC_58805.dir/CMakeCXXCompilerABI.cpp.o] ==> ignore
    arg [-lstdc++] ==> lib [stdc++]
    arg [-lm] ==> lib [m]
    arg [-lgcc_s] ==> lib [gcc_s]
    arg [-lgcc] ==> lib [gcc]
    arg [-lc] ==> lib [c]
    arg [-lgcc_s] ==> lib [gcc_s]
    arg [-lgcc] ==> lib [gcc]
    arg [/usr/local/pace-apps/spack/packages/0.12/linux-rhel7-x86_64/gcc-4.8.5/gcc-8.3.0-opnwtdjumg2hxo4ljvnx77ugb6afmvj3/lib/gcc/x86_64-pc-linux-gnu/8.3.0/crtend.o] ==> obj [/usr/local/pace-apps/spack/packages/0.12/linux-rhel7-x86_64/gcc-4.8.5/gcc-8.3.0-opnwtdjumg2hxo4ljvnx77ugb6afmvj3/lib/gcc/x86_64-pc-linux-gnu/8.3.0/crtend.o]
    arg [/lib/../lib64/crtn.o] ==> obj [/lib/../lib64/crtn.o]
  collapse obj [/lib/../lib64/crt1.o] ==> [/lib64/crt1.o]
  collapse obj [/lib/../lib64/crti.o] ==> [/lib64/crti.o]
  collapse obj [/lib/../lib64/crtn.o] ==> [/lib64/crtn.o]
  collapse library dir [/usr/local/pace-apps/spack/packages/0.12/linux-rhel7-x86_64/gcc-4.8.5/gcc-8.3.0-opnwtdjumg2hxo4ljvnx77ugb6afmvj3/lib/gcc/x86_64-pc-linux-gnu/8.3.0] ==> [/usr/local/pace-apps/spack/packages/0.12/linux-rhel7-x86_64/gcc-4.8.5/gcc-8.3.0-opnwtdjumg2hxo4ljvnx77ugb6afmvj3/lib/gcc/x86_64-pc-linux-gnu/8.3.0]
  collapse library dir [/usr/local/pace-apps/spack/packages/0.12/linux-rhel7-x86_64/gcc-4.8.5/gcc-8.3.0-opnwtdjumg2hxo4ljvnx77ugb6afmvj3/lib/gcc] ==> [/usr/local/pace-apps/spack/packages/0.12/linux-rhel7-x86_64/gcc-4.8.5/gcc-8.3.0-opnwtdjumg2hxo4ljvnx77ugb6afmvj3/lib/gcc]
  collapse library dir [/usr/local/pace-apps/spack/packages/0.12/linux-rhel7-x86_64/gcc-4.8.5/gcc-8.3.0-opnwtdjumg2hxo4ljvnx77ugb6afmvj3/lib64/../lib64] ==> [/usr/local/pace-apps/spack/packages/0.12/linux-rhel7-x86_64/gcc-4.8.5/gcc-8.3.0-opnwtdjumg2hxo4ljvnx77ugb6afmvj3/lib64]
  collapse library dir [/usr/local/pace-apps/spack/packages/0.12/linux-rhel7-x86_64/gcc-4.8.5/gcc-8.3.0-opnwtdjumg2hxo4ljvnx77ugb6afmvj3/lib/../lib64] ==> [/usr/local/pace-apps/spack/packages/0.12/linux-rhel7-x86_64/gcc-4.8.5/gcc-8.3.0-opnwtdjumg2hxo4ljvnx77ugb6afmvj3/lib64]
  collapse library dir [/storage/pace-apps/spack/packages/0.12/linux-rhel7-x86_64/gcc-4.8.5/gcc-8.3.0-opnwtdjumg2hxo4ljvnx77ugb6afmvj3/bin/../lib/gcc/x86_64-pc-linux-gnu/8.3.0/../../../../lib64] ==> [/storage/pace-apps/spack/packages/0.12/linux-rhel7-x86_64/gcc-4.8.5/gcc-8.3.0-opnwtdjumg2hxo4ljvnx77ugb6afmvj3/lib64]
  collapse library dir [/lib/../lib64] ==> [/lib64]
  collapse library dir [/usr/lib/../lib64] ==> [/usr/lib64]
  collapse library dir [/usr/local/pace-apps/spack/packages/0.13/linux-rhel7-x86_64/gcc-8.3.0/openblas-0.3.13-b2arkhk7rgnav574wcltqxblorppr6lu/lib] ==> [/usr/local/pace-apps/spack/packages/0.13/linux-rhel7-x86_64/gcc-8.3.0/openblas-0.3.13-b2arkhk7rgnav574wcltqxblorppr6lu/lib]
  collapse library dir [/usr/local/pace-apps/spack/packages/0.13/linux-rhel7-x86_64/gcc-8.3.0/openmpi-3.1.6-bip3afu2wdayn3kpmokhxzy7k2bp2gwe/lib] ==> [/usr/local/pace-apps/spack/packages/0.13/linux-rhel7-x86_64/gcc-8.3.0/openmpi-3.1.6-bip3afu2wdayn3kpmokhxzy7k2bp2gwe/lib]
  collapse library dir [/usr/local/pace-apps/spack/packages/0.12/linux-rhel7-x86_64/gcc-4.8.5/gcc-8.3.0-opnwtdjumg2hxo4ljvnx77ugb6afmvj3/lib64] ==> [/usr/local/pace-apps/spack/packages/0.12/linux-rhel7-x86_64/gcc-4.8.5/gcc-8.3.0-opnwtdjumg2hxo4ljvnx77ugb6afmvj3/lib64]
  collapse library dir [/usr/local/pace-apps/spack/packages/0.12/linux-rhel7-x86_64/gcc-4.8.5/gcc-8.3.0-opnwtdjumg2hxo4ljvnx77ugb6afmvj3/lib] ==> [/usr/local/pace-apps/spack/packages/0.12/linux-rhel7-x86_64/gcc-4.8.5/gcc-8.3.0-opnwtdjumg2hxo4ljvnx77ugb6afmvj3/lib]
  collapse library dir [/usr/local/pace-apps/spack/packages/0.13/linux-rhel7-x86_64/gcc-4.8.5/perl-5.30.0-ofyzxrpltkdninb4g5szwtd3mapc7msa/lib] ==> [/usr/local/pace-apps/spack/packages/0.13/linux-rhel7-x86_64/gcc-4.8.5/perl-5.30.0-ofyzxrpltkdninb4g5szwtd3mapc7msa/lib]
  collapse library dir [/storage/pace-apps/spack/packages/0.12/linux-rhel7-x86_64/gcc-4.8.5/gcc-8.3.0-opnwtdjumg2hxo4ljvnx77ugb6afmvj3/bin/../lib/gcc/x86_64-pc-linux-gnu/8.3.0/../../..] ==> [/storage/pace-apps/spack/packages/0.12/linux-rhel7-x86_64/gcc-4.8.5/gcc-8.3.0-opnwtdjumg2hxo4ljvnx77ugb6afmvj3/lib]
  implicit libs: [stdc++;m;gcc_s;gcc;c;gcc_s;gcc]
  implicit objs: [/lib64/crt1.o;/lib64/crti.o;/usr/local/pace-apps/spack/packages/0.12/linux-rhel7-x86_64/gcc-4.8.5/gcc-8.3.0-opnwtdjumg2hxo4ljvnx77ugb6afmvj3/lib/gcc/x86_64-pc-linux-gnu/8.3.0/crtbegin.o;/usr/local/pace-apps/spack/packages/0.12/linux-rhel7-x86_64/gcc-4.8.5/gcc-8.3.0-opnwtdjumg2hxo4ljvnx77ugb6afmvj3/lib/gcc/x86_64-pc-linux-gnu/8.3.0/crtend.o;/lib64/crtn.o]
  implicit dirs: [/usr/local/pace-apps/spack/packages/0.12/linux-rhel7-x86_64/gcc-4.8.5/gcc-8.3.0-opnwtdjumg2hxo4ljvnx77ugb6afmvj3/lib/gcc/x86_64-pc-linux-gnu/8.3.0;/usr/local/pace-apps/spack/packages/0.12/linux-rhel7-x86_64/gcc-4.8.5/gcc-8.3.0-opnwtdjumg2hxo4ljvnx77ugb6afmvj3/lib/gcc;/usr/local/pace-apps/spack/packages/0.12/linux-rhel7-x86_64/gcc-4.8.5/gcc-8.3.0-opnwtdjumg2hxo4ljvnx77ugb6afmvj3/lib64;/storage/pace-apps/spack/packages/0.12/linux-rhel7-x86_64/gcc-4.8.5/gcc-8.3.0-opnwtdjumg2hxo4ljvnx77ugb6afmvj3/lib64;/lib64;/usr/lib64;/usr/local/pace-apps/spack/packages/0.13/linux-rhel7-x86_64/gcc-8.3.0/openblas-0.3.13-b2arkhk7rgnav574wcltqxblorppr6lu/lib;/usr/local/pace-apps/spack/packages/0.13/linux-rhel7-x86_64/gcc-8.3.0/openmpi-3.1.6-bip3afu2wdayn3kpmokhxzy7k2bp2gwe/lib;/usr/local/pace-apps/spack/packages/0.12/linux-rhel7-x86_64/gcc-4.8.5/gcc-8.3.0-opnwtdjumg2hxo4ljvnx77ugb6afmvj3/lib;/usr/local/pace-apps/spack/packages/0.13/linux-rhel7-x86_64/gcc-4.8.5/perl-5.30.0-ofyzxrpltkdninb4g5szwtd3mapc7msa/lib;/storage/pace-apps/spack/packages/0.12/linux-rhel7-x86_64/gcc-4.8.5/gcc-8.3.0-opnwtdjumg2hxo4ljvnx77ugb6afmvj3/lib]
  implicit fwks: []


