---------------------------------------
Begin Slurm Prolog: Dec-15-2023 18:40:53
Job ID:    4408882
User ID:   svittal8
Account:   gts-mqureshi4-rg
Job name:  rsc_mem_small_d
Partition: cpu-small
QOS:       inferno
---------------------------------------
Setting up config for PACE...
-------------------------------------------------------------------------------
The following dependent module(s) are not currently loaded: libxml2/2.9.13-pd4huc (required by: gettext/0.21-rhfhqk), ncurses/6.2-qhoz4g (required by: cmake/3.23.1-327dbl, gettext/0.21-rhfhqk), xz/5.2.2-kbeci4 (required by: tar/1.34-ezhzda, gettext/0.21-rhfhqk), zlib/1.2.12-xrmq2i (required by: pigz/2.7-yva4ki, binutils/2.38-c7qji3, gcc/12.1.0-qgxpzk)
-------------------------------------------------------------------------------
configuration: tracing = yes, decoding = yes --------------
RSC NO LEAKAGE---------------------------------------------
tracing d = 3, rounds = 30
    p = 1e-4
	Batch size is 512
    p = 5e-4
	Batch size is 512
    p = 1e-3
	Batch size is 512
tracing d = 5, rounds = 50
    p = 1e-4
	Batch size is 512
    p = 5e-4
	Batch size is 512
    p = 1e-3
	Batch size is 512
tracing d = 7, rounds = 70
    p = 1e-4
	Batch size is 512
    p = 5e-4
	Batch size is 512
    p = 1e-3
	Batch size is 512
decoding d = 3, rounds = 30
    p = 1e-4
    p = 5e-4
    p = 1e-3
decoding d = 5, rounds = 50
    p = 1e-4
    p = 5e-4
    p = 1e-3
decoding d = 7, rounds = 70
    p = 1e-4
    p = 5e-4
    p = 1e-3
RSC LEAKAGE, NO LRCS---------------------------------------
tracing d = 3, rounds = 30
    p = 1e-4
	Batch size is 512
    p = 5e-4
	Batch size is 512
    p = 1e-3
	Batch size is 512
tracing d = 5, rounds = 50
    p = 1e-4
	Batch size is 512
    p = 5e-4
	Batch size is 512
    p = 1e-3
	Batch size is 512
tracing d = 7, rounds = 70
    p = 1e-4
	Batch size is 512
    p = 5e-4
	Batch size is 512
    p = 1e-3
	Batch size is 512
decoding d = 3, rounds = 30
    p = 1e-4
    p = 5e-4
    p = 1e-3
decoding d = 5, rounds = 50
    p = 1e-4
    p = 5e-4
    p = 1e-3
decoding d = 7, rounds = 70
    p = 1e-4
    p = 5e-4
    p = 1e-3
RSC ALWAYS LRCS, SWAP--------------------------------------
tracing d = 3, rounds = 30
    p = 1e-4
	Batch size is 512
    p = 5e-4
	Batch size is 512
    p = 1e-3
	Batch size is 512
tracing d = 5, rounds = 50
    p = 1e-4
	Batch size is 512
    p = 5e-4
	Batch size is 512
    p = 1e-3
	Batch size is 512
tracing d = 7, rounds = 70
    p = 1e-4
	Batch size is 512
    p = 5e-4
	Batch size is 512
    p = 1e-3
	Batch size is 512
decoding d = 3, rounds = 30
    p = 1e-4
    p = 5e-4
    p = 1e-3
decoding d = 5, rounds = 50
    p = 1e-4
    p = 5e-4
    p = 1e-3
decoding d = 7, rounds = 70
    p = 1e-4
    p = 5e-4
    p = 1e-3
RSC ALWAYS LRCS, DQLR--------------------------------------
tracing d = 3, rounds = 30
    p = 1e-4
	Batch size is 512
    p = 5e-4
	Batch size is 512
    p = 1e-3
	Batch size is 512
tracing d = 5, rounds = 50
    p = 1e-4
	Batch size is 512
    p = 5e-4
	Batch size is 512
    p = 1e-3
	Batch size is 512
tracing d = 7, rounds = 70
    p = 1e-4
	Batch size is 512
    p = 5e-4
	Batch size is 512
    p = 1e-3
	Batch size is 512
decoding d = 3, rounds = 30
    p = 1e-4
    p = 5e-4
    p = 1e-3
decoding d = 5, rounds = 50
    p = 1e-4
    p = 5e-4
    p = 1e-3
decoding d = 7, rounds = 70
    p = 1e-4
    p = 5e-4
    p = 1e-3
RSC OPTIMAL LRCS, SWAP-------------------------------------
tracing d = 3, rounds = 30
    p = 1e-4
	Batch size is 512
    p = 5e-4
	Batch size is 512
    p = 1e-3
	Batch size is 512
tracing d = 5, rounds = 50
    p = 1e-4
	Batch size is 512
    p = 5e-4
	Batch size is 512
    p = 1e-3
	Batch size is 512
tracing d = 7, rounds = 70
    p = 1e-4
	Batch size is 512
    p = 5e-4
	Batch size is 512
    p = 1e-3
	Batch size is 512
decoding d = 3, rounds = 30
    p = 1e-4
    p = 5e-4
    p = 1e-3
decoding d = 5, rounds = 50
    p = 1e-4
    p = 5e-4
    p = 1e-3
decoding d = 7, rounds = 70
    p = 1e-4
    p = 5e-4
    p = 1e-3
RSC OPTIMAL LRCS, DQLR-------------------------------------
tracing d = 3, rounds = 30
    p = 1e-4
	Batch size is 512
    p = 5e-4
	Batch size is 512
    p = 1e-3
	Batch size is 512
tracing d = 5, rounds = 50
    p = 1e-4
	Batch size is 512
    p = 5e-4
	Batch size is 512
    p = 1e-3
	Batch size is 512
tracing d = 7, rounds = 70
    p = 1e-4
	Batch size is 512
    p = 5e-4
	Batch size is 512
    p = 1e-3
	Batch size is 512
decoding d = 3, rounds = 30
    p = 1e-4
    p = 5e-4
    p = 1e-3
decoding d = 5, rounds = 50
    p = 1e-4
    p = 5e-4
    p = 1e-3
decoding d = 7, rounds = 70
    p = 1e-4
    p = 5e-4
    p = 1e-3
RSC ERASER, SWAP-------------------------------------------
tracing d = 3, rounds = 30
    p = 1e-4
	Batch size is 512
    p = 5e-4
	Batch size is 512
    p = 1e-3
	Batch size is 512
tracing d = 5, rounds = 50
    p = 1e-4
	Batch size is 512
    p = 5e-4
	Batch size is 512
    p = 1e-3
	Batch size is 512
tracing d = 7, rounds = 70
    p = 1e-4
	Batch size is 512
    p = 5e-4
	Batch size is 512
    p = 1e-3
	Batch size is 512
decoding d = 3, rounds = 30
    p = 1e-4
    p = 5e-4
    p = 1e-3
decoding d = 5, rounds = 50
    p = 1e-4
    p = 5e-4
    p = 1e-3
decoding d = 7, rounds = 70
    p = 1e-4
    p = 5e-4
    p = 1e-3
RSC ERASER, DQLR-------------------------------------------
tracing d = 3, rounds = 30
    p = 1e-4
	Batch size is 512
    p = 5e-4
	Batch size is 512
    p = 1e-3
	Batch size is 512
tracing d = 5, rounds = 50
    p = 1e-4
	Batch size is 512
    p = 5e-4
	Batch size is 512
    p = 1e-3
	Batch size is 512
tracing d = 7, rounds = 70
    p = 1e-4
	Batch size is 512
    p = 5e-4
	Batch size is 512
    p = 1e-3
	Batch size is 512
decoding d = 3, rounds = 30
    p = 1e-4
    p = 5e-4
    p = 1e-3
decoding d = 5, rounds = 50
    p = 1e-4
    p = 5e-4
    p = 1e-3
decoding d = 7, rounds = 70
    p = 1e-4
    p = 5e-4
    p = 1e-3
---------------------------------------
Begin Slurm Epilog: Dec-15-2023 18:46:01
Job ID:        4408882
Array Job ID:  _4294967294
User ID:       svittal8
Account:       gts-mqureshi4-rg
Job name:      rsc_mem_small_d
Resources:     cpu=128,mem=256G,node=16
Rsrc Used:     cput=10:59:12,vmem=14100K,walltime=00:05:09,mem=12108K,energy_used=0
Partition:     cpu-small
QOS:           inferno
Nodes:         atl1-1-02-002-1-1,atl1-1-02-002-2-1,atl1-1-02-002-3-[1-2],atl1-1-02-002-6-[1-2],atl1-1-02-002-7-[1-2],atl1-1-02-002-8-[1-2],atl1-1-02-002-9-[1-2],atl1-1-02-002-15-[1-2],atl1-1-02-002-16-1,atl1-1-02-002-21-1
---------------------------------------
