---------------------------------------
Begin Slurm Prolog: Sep-02-2023 08:59:01
Job ID:    2998432
User ID:   svittal8
Account:   gts-mqureshi4-rg
Job name:  memory
Partition: cpu-small
QOS:       inferno
---------------------------------------

Lmod is automatically replacing "mvapich2/2.3.6-ouywal" with "openmpi/4.1.4".

Running bmemory for d = 5
\tParams: p = 5e-4, r = 5, blk = 1
Running bmemory for d = 7
\tParams: p = 5e-4, r = 7, blk = 2
Running bmemory for d = 9
\tParams: p = 5e-4, r = 9, blk = 3
Running bmemory for d = 11
\tParams: p = 5e-4, r = 11, blk = 4
---------------------------------------
Begin Slurm Epilog: Sep-02-2023 09:01:06
Job ID:        2998432
Array Job ID:  _4294967294
User ID:       svittal8
Account:       gts-mqureshi4-rg
Job name:      memory
Resources:     cpu=64,mem=256G,node=8
Rsrc Used:     cput=02:13:20,vmem=10536K,walltime=00:02:05,mem=8476K,energy_used=0
Partition:     cpu-small
QOS:           inferno
Nodes:         atl1-1-02-007-24-2,atl1-1-02-007-25-1,atl1-1-02-007-26-2,atl1-1-02-007-27-2,atl1-1-02-007-28-[1-2],atl1-1-02-007-29-[1-2]
---------------------------------------
