---------------------------------------
Begin Slurm Prolog: Sep-02-2023 20:31:44
Job ID:    3000173
User ID:   svittal8
Account:   gts-mqureshi4-rg
Job name:  timing
Partition: cpu-small
QOS:       inferno
---------------------------------------

Lmod is automatically replacing "mvapich2/2.3.6-ouywal" with "openmpi/4.1.4".

Running timing for d = 5
\tParams: p = 3e-3, r = 5, blk = 
srun: Job step aborted: Waiting up to 32 seconds for job step to finish.
slurmstepd: error: *** JOB 3000173 ON atl1-1-02-008-25-2 CANCELLED AT 2023-09-02T20:37:11 ***
slurmstepd: error: *** STEP 3000173.0 ON atl1-1-02-008-25-2 CANCELLED AT 2023-09-02T20:37:11 ***
---------------------------------------
Begin Slurm Epilog: Sep-02-2023 20:37:14
Job ID:        3000173
Array Job ID:  _4294967294
User ID:       svittal8
Account:       gts-mqureshi4-rg
Job name:      timing
Resources:     cpu=16,mem=64G,node=4
Rsrc Used:     cput=01:27:12,vmem=9028K,walltime=00:05:27,mem=8144K,energy_used=0
Partition:     cpu-small
QOS:           inferno
Nodes:         atl1-1-02-008-25-2,atl1-1-02-008-26-1,atl1-1-02-008-28-2,atl1-1-02-008-29-1
---------------------------------------
