---------------------------------------
Begin Slurm Prolog: Sep-19-2023 19:48:12
Job ID:    3449940
User ID:   svittal8
Account:   gts-mqureshi4-rg
Job name:  timing
Partition: cpu-small
QOS:       inferno
---------------------------------------

Lmod is automatically replacing "mvapich2/2.3.6-ouywal" with "openmpi/4.1.4".

Running timing for d = 7
\tParams: p = 1e-3, r = 7, blk = 
Running timing for d = 9
\tParams: p = 1e-3, r = 9, blk = 
Running timing for d = 11
\tParams: p = 1e-3, r = 11, blk = 
Running timing for d = 13
\tParams: p = 1e-3, r = 13, blk = 
Running timing for d = 15
\tParams: p = 1e-3, r = 15, blk = 
Running timing for d = 17
\tParams: p = 1e-3, r = 17, blk = 
Running timing for d = 19
\tParams: p = 1e-3, r = 19, blk = 
Running timing for d = 21
\tParams: p = 1e-3, r = 21, blk = 
---------------------------------------
Begin Slurm Epilog: Sep-19-2023 19:48:24
Job ID:        3449940
Array Job ID:  _4294967294
User ID:       svittal8
Account:       gts-mqureshi4-rg
Job name:      timing
Resources:     cpu=16,mem=64G,node=4
Rsrc Used:     cput=00:02:56,vmem=1556K,walltime=00:00:11,mem=0,energy_used=0
Partition:     cpu-small
QOS:           inferno
Nodes:         atl1-1-02-012-33-[1-2],atl1-1-02-012-34-[1-2]
---------------------------------------
